{"numTotalTestSuites":36,"numPassedTestSuites":36,"numFailedTestSuites":0,"numPendingTestSuites":0,"numTotalTests":155,"numPassedTests":155,"numFailedTests":0,"numPendingTests":0,"numTodoTests":0,"snapshot":{"added":0,"failure":false,"filesAdded":0,"filesRemoved":0,"filesRemovedList":[],"filesUnmatched":0,"filesUpdated":0,"matched":0,"total":0,"unchecked":0,"uncheckedKeysByFile":[],"unmatched":0,"updated":0,"didUpdate":false},"startTime":1771623497167,"success":true,"testResults":[{"assertionResults":[{"ancestorTitles":["buildFullPrompt"],"fullName":"buildFullPrompt returns empty-ish prompt when given no config","status":"passed","title":"returns empty-ish prompt when given no config","duration":1.2029999999999745,"failureMessages":[],"meta":{}},{"ancestorTitles":["buildFullPrompt"],"fullName":"buildFullPrompt includes all four sections when fully configured","status":"passed","title":"includes all four sections when fully configured","duration":0.38133300000004056,"failureMessages":[],"meta":{}},{"ancestorTitles":["buildFullPrompt"],"fullName":"buildFullPrompt omits SYSTEM INSTRUCTIONS section when empty","status":"passed","title":"omits SYSTEM INSTRUCTIONS section when empty","duration":0.09862499999996999,"failureMessages":[],"meta":{}},{"ancestorTitles":["buildFullPrompt"],"fullName":"buildFullPrompt omits CONTEXT section when no fields selected and no extra blocks","status":"passed","title":"omits CONTEXT section when no fields selected and no extra blocks","duration":0.057332999999971435,"failureMessages":[],"meta":{}},{"ancestorTitles":["buildFullPrompt"],"fullName":"buildFullPrompt shows [Not filled] for missing field values","status":"passed","title":"shows [Not filled] for missing field values","duration":0.053666000000021086,"failureMessages":[],"meta":{}},{"ancestorTitles":["buildFullPrompt"],"fullName":"buildFullPrompt stringifies object field values as JSON","status":"passed","title":"stringifies object field values as JSON","duration":0.06295900000009169,"failureMessages":[],"meta":{}},{"ancestorTitles":["buildFullPrompt"],"fullName":"buildFullPrompt strips metadata from MCQ field values","status":"passed","title":"strips metadata from MCQ field values","duration":0.08187499999996817,"failureMessages":[],"meta":{}},{"ancestorTitles":["buildFullPrompt"],"fullName":"buildFullPrompt includes extra context blocks","status":"passed","title":"includes extra context blocks","duration":0.08829100000002654,"failureMessages":[],"meta":{}},{"ancestorTitles":["buildFullPrompt"],"fullName":"buildFullPrompt skips malformed extra context blocks","status":"passed","title":"skips malformed extra context blocks","duration":0.09441700000002129,"failureMessages":[],"meta":{}},{"ancestorTitles":["buildFullPrompt"],"fullName":"buildFullPrompt converts HTML to plain text in system instructions","status":"passed","title":"converts HTML to plain text in system instructions","duration":0.20099999999990814,"failureMessages":[],"meta":{}},{"ancestorTitles":["buildFullPrompt"],"fullName":"buildFullPrompt preserves entity-encoded HTML tag names in format requirements","status":"passed","title":"preserves entity-encoded HTML tag names in format requirements","duration":0.11366599999996652,"failureMessages":[],"meta":{}},{"ancestorTitles":["buildFullPrompt"],"fullName":"buildFullPrompt skips context fields that are not in allFields","status":"passed","title":"skips context fields that are not in allFields","duration":0.05058299999996052,"failureMessages":[],"meta":{}},{"ancestorTitles":["buildFullPrompt"],"fullName":"buildFullPrompt always includes FORMAT REQUIREMENTS even with default text","status":"passed","title":"always includes FORMAT REQUIREMENTS even with default text","duration":0.03750000000002274,"failureMessages":[],"meta":{}}],"startTime":1771623497699,"endTime":1771623497701.201,"status":"passed","message":"","name":"/Users/emilyleblanc/Code/v2/src/test/ai/promptBuilder.test.js"},{"assertionResults":[{"ancestorTitles":["ProtectedRoute"],"fullName":"ProtectedRoute renders children when user role matches","status":"passed","title":"renders children when user role matches","duration":13.433917000000065,"failureMessages":[],"meta":{}},{"ancestorTitles":["ProtectedRoute"],"fullName":"ProtectedRoute redirects to / when user role does not match","status":"passed","title":"redirects to / when user role does not match","duration":2.316249999999968,"failureMessages":[],"meta":{}},{"ancestorTitles":["ProtectedRoute"],"fullName":"ProtectedRoute renders children when no roles required","status":"passed","title":"renders children when no roles required","duration":0.6641660000000229,"failureMessages":[],"meta":{}}],"startTime":1771623497776,"endTime":1771623497792.664,"status":"passed","message":"","name":"/Users/emilyleblanc/Code/v2/src/test/components/ProtectedRoute.test.jsx"},{"assertionResults":[{"ancestorTitles":["ToastProvider + useToast"],"fullName":"ToastProvider + useToast renders children","status":"passed","title":"renders children","duration":11.489583000000039,"failureMessages":[],"meta":{}},{"ancestorTitles":["ToastProvider + useToast"],"fullName":"ToastProvider + useToast shows a success toast when triggered","status":"passed","title":"shows a success toast when triggered","duration":28.325707999999963,"failureMessages":[],"meta":{}},{"ancestorTitles":["ToastProvider + useToast"],"fullName":"ToastProvider + useToast shows an error toast when triggered","status":"passed","title":"shows an error toast when triggered","duration":4.008749999999964,"failureMessages":[],"meta":{}},{"ancestorTitles":["ToastProvider + useToast"],"fullName":"ToastProvider + useToast removes toast when close button clicked","status":"passed","title":"removes toast when close button clicked","duration":3.367832999999905,"failureMessages":[],"meta":{}}],"startTime":1771623497751,"endTime":1771623497798.368,"status":"passed","message":"","name":"/Users/emilyleblanc/Code/v2/src/test/components/ToastProvider.test.jsx"},{"assertionResults":[{"ancestorTitles":["Lesson lock contention"],"fullName":"Lesson lock contention grants the lock to the first requester","status":"passed","title":"grants the lock to the first requester","duration":1.9169160000000147,"failureMessages":[],"meta":{}},{"ancestorTitles":["Lesson lock contention"],"fullName":"Lesson lock contention denies a second user when the lock is held","status":"passed","title":"denies a second user when the lock is held","duration":2.4807500000000005,"failureMessages":[],"meta":{}},{"ancestorTitles":["Lesson lock contention"],"fullName":"Lesson lock contention concurrent acquire — exactly one wins","status":"passed","title":"concurrent acquire — exactly one wins","duration":1.7728340000000458,"failureMessages":[],"meta":{}},{"ancestorTitles":["Lesson lock contention"],"fullName":"Lesson lock contention only the owner can release the lock","status":"passed","title":"only the owner can release the lock","duration":3.017708000000084,"failureMessages":[],"meta":{}},{"ancestorTitles":["Lesson lock contention"],"fullName":"Lesson lock contention after release, another user can acquire","status":"passed","title":"after release, another user can acquire","duration":3.688250000000039,"failureMessages":[],"meta":{}},{"ancestorTitles":["Lesson lock contention"],"fullName":"Lesson lock contention heartbeat refresh succeeds only for the lock owner","status":"passed","title":"heartbeat refresh succeeds only for the lock owner","duration":3.7350000000000136,"failureMessages":[],"meta":{}},{"ancestorTitles":["Lesson lock contention"],"fullName":"Lesson lock contention re-entrant acquire by same user succeeds","status":"passed","title":"re-entrant acquire by same user succeeds","duration":3.008375000000001,"failureMessages":[],"meta":{}}],"startTime":1771623497689,"endTime":1771623497708.0083,"status":"passed","message":"","name":"/Users/emilyleblanc/Code/v2/src/test/hooks/lessonLock.test.js"},{"assertionResults":[{"ancestorTitles":["callAI"],"fullName":"callAI uses Anthropic SDK for Claude models","status":"passed","title":"uses Anthropic SDK for Claude models","duration":2.567792000000054,"failureMessages":[],"meta":{}},{"ancestorTitles":["callAI"],"fullName":"callAI uses OpenAI SDK for GPT models","status":"passed","title":"uses OpenAI SDK for GPT models","duration":0.20416599999998652,"failureMessages":[],"meta":{}},{"ancestorTitles":["callAI"],"fullName":"callAI uses custom maxTokens when specified","status":"passed","title":"uses custom maxTokens when specified","duration":0.7145839999999453,"failureMessages":[],"meta":{}},{"ancestorTitles":["callAI"],"fullName":"callAI throws when SDK call fails","status":"passed","title":"throws when SDK call fails","duration":0.8031670000000304,"failureMessages":[],"meta":{}},{"ancestorTitles":["callAIWithFunction"],"fullName":"callAIWithFunction uses Claude tool_use for Claude models","status":"passed","title":"uses Claude tool_use for Claude models","duration":0.4187499999999318,"failureMessages":[],"meta":{}},{"ancestorTitles":["callAIWithFunction"],"fullName":"callAIWithFunction uses OpenAI function_call for GPT models","status":"passed","title":"uses OpenAI function_call for GPT models","duration":0.15295900000000984,"failureMessages":[],"meta":{}},{"ancestorTitles":["callAIWithFunction"],"fullName":"callAIWithFunction throws when Claude returns no tool_use block","status":"passed","title":"throws when Claude returns no tool_use block","duration":0.10850000000004911,"failureMessages":[],"meta":{}},{"ancestorTitles":["callAIWithFunction"],"fullName":"callAIWithFunction throws when OpenAI returns no function_call","status":"passed","title":"throws when OpenAI returns no function_call","duration":0.0837500000000091,"failureMessages":[],"meta":{}},{"ancestorTitles":["generateImage"],"fullName":"generateImage tries Gemini first and returns base64 data URL on success","status":"passed","title":"tries Gemini first and returns base64 data URL on success","duration":1.1249579999999924,"failureMessages":[],"meta":{}},{"ancestorTitles":["generateImage"],"fullName":"generateImage falls back to DALL-E when Gemini fails","status":"passed","title":"falls back to DALL-E when Gemini fails","duration":3.055749999999989,"failureMessages":[],"meta":{}},{"ancestorTitles":["generateImage"],"fullName":"generateImage truncates very long prompts","status":"passed","title":"truncates very long prompts","duration":0.3167080000000624,"failureMessages":[],"meta":{}},{"ancestorTitles":["generateAltText"],"fullName":"generateAltText uses GPT-4o vision to describe the image","status":"passed","title":"uses GPT-4o vision to describe the image","duration":0.1495830000000069,"failureMessages":[],"meta":{}},{"ancestorTitles":["generateAltText"],"fullName":"generateAltText throws when SDK call fails","status":"passed","title":"throws when SDK call fails","duration":0.10558300000002419,"failureMessages":[],"meta":{}},{"ancestorTitles":["summarizePassageForImage"],"fullName":"summarizePassageForImage returns null for empty passage","status":"passed","title":"returns null for empty passage","duration":0.1197500000000673,"failureMessages":[],"meta":{}},{"ancestorTitles":["summarizePassageForImage"],"fullName":"summarizePassageForImage returns null for null passage","status":"passed","title":"returns null for null passage","duration":0.04762500000003911,"failureMessages":[],"meta":{}},{"ancestorTitles":["summarizePassageForImage"],"fullName":"summarizePassageForImage returns null for whitespace-only passage","status":"passed","title":"returns null for whitespace-only passage","duration":0.04349999999999454,"failureMessages":[],"meta":{}},{"ancestorTitles":["summarizePassageForImage"],"fullName":"summarizePassageForImage calls GPT-3.5-turbo for summarization","status":"passed","title":"calls GPT-3.5-turbo for summarization","duration":0.08091700000011315,"failureMessages":[],"meta":{}},{"ancestorTitles":["summarizePassageForImage"],"fullName":"summarizePassageForImage trims passage before sending","status":"passed","title":"trims passage before sending","duration":0.1352079999999205,"failureMessages":[],"meta":{}},{"ancestorTitles":["summarizePassageForImage"],"fullName":"summarizePassageForImage returns null and warns on SDK error","status":"passed","title":"returns null and warns on SDK error","duration":0.0837500000000091,"failureMessages":[],"meta":{}},{"ancestorTitles":["summarizePassageForImage"],"fullName":"summarizePassageForImage truncates summary if longer than maxChars","status":"passed","title":"truncates summary if longer than maxChars","duration":0.044417000000066764,"failureMessages":[],"meta":{}}],"startTime":1771623497713,"endTime":1771623497724.1353,"status":"passed","message":"","name":"/Users/emilyleblanc/Code/v2/src/test/lib/aiClient.test.js"},{"assertionResults":[{"ancestorTitles":["handleFieldDragEnd"],"fullName":"handleFieldDragEnd does nothing when dropped on itself","status":"passed","title":"does nothing when dropped on itself","duration":0.7686250000000427,"failureMessages":[],"meta":{}},{"ancestorTitles":["handleFieldDragEnd"],"fullName":"handleFieldDragEnd does nothing when there is no drop target","status":"passed","title":"does nothing when there is no drop target","duration":0.1084170000000313,"failureMessages":[],"meta":{}},{"ancestorTitles":["handleFieldDragEnd"],"fullName":"handleFieldDragEnd reorders designer fields without affecting builder fields","status":"passed","title":"reorders designer fields without affecting builder fields","duration":1.040958000000046,"failureMessages":[],"meta":{}},{"ancestorTitles":["handleFieldDragEnd"],"fullName":"handleFieldDragEnd does nothing when active id is not found in filtered fields","status":"passed","title":"does nothing when active id is not found in filtered fields","duration":0.08595900000000256,"failureMessages":[],"meta":{}}],"startTime":1771623497710,"endTime":1771623497712.086,"status":"passed","message":"","name":"/Users/emilyleblanc/Code/v2/src/test/lib/dragUtils.test.js"},{"assertionResults":[{"ancestorTitles":["isEmptyValue"],"fullName":"isEmptyValue returns true for null / undefined / empty string","status":"passed","title":"returns true for null / undefined / empty string","duration":0.631458000000066,"failureMessages":[],"meta":{}},{"ancestorTitles":["isEmptyValue"],"fullName":"isEmptyValue returns true for empty arrays","status":"passed","title":"returns true for empty arrays","duration":0.05958299999997507,"failureMessages":[],"meta":{}},{"ancestorTitles":["isEmptyValue"],"fullName":"isEmptyValue returns false for non-empty string","status":"passed","title":"returns false for non-empty string","duration":0.038625000000024556,"failureMessages":[],"meta":{}},{"ancestorTitles":["isEmptyValue"],"fullName":"isEmptyValue returns false for non-empty arrays","status":"passed","title":"returns false for non-empty arrays","duration":0.037249999999971806,"failureMessages":[],"meta":{}},{"ancestorTitles":["isEmptyValue"],"fullName":"isEmptyValue returns true for HTML-only string with no text content","status":"passed","title":"returns true for HTML-only string with no text content","duration":0.0660410000000411,"failureMessages":[],"meta":{}},{"ancestorTitles":["isEmptyValue"],"fullName":"isEmptyValue returns true for string that is only &nbsp;","status":"passed","title":"returns true for string that is only &nbsp;","duration":0.04475000000002183,"failureMessages":[],"meta":{}},{"ancestorTitles":["isEmptyValue"],"fullName":"isEmptyValue returns false for HTML with text content","status":"passed","title":"returns false for HTML with text content","duration":0.03520800000001145,"failureMessages":[],"meta":{}},{"ancestorTitles":["isEmptyValue"],"fullName":"isEmptyValue returns true for empty object","status":"passed","title":"returns true for empty object","duration":0.02841599999999289,"failureMessages":[],"meta":{}},{"ancestorTitles":["isEmptyValue"],"fullName":"isEmptyValue returns false for non-empty object","status":"passed","title":"returns false for non-empty object","duration":0.035416999999938525,"failureMessages":[],"meta":{}},{"ancestorTitles":["isEmptyValue"],"fullName":"isEmptyValue returns true when all questions in .questions are empty","status":"passed","title":"returns true when all questions in .questions are empty","duration":0.044083999999998014,"failureMessages":[],"meta":{}},{"ancestorTitles":["isEmptyValue"],"fullName":"isEmptyValue returns false when at least one question is non-empty","status":"passed","title":"returns false when at least one question is non-empty","duration":0.028458999999998014,"failureMessages":[],"meta":{}},{"ancestorTitles":["isEmptyValue"],"fullName":"isEmptyValue returns false for number 0 (falsy but not empty)","status":"passed","title":"returns false for number 0 (falsy but not empty)","duration":0.02504199999998491,"failureMessages":[],"meta":{}},{"ancestorTitles":["isEmptyValue"],"fullName":"isEmptyValue returns false for boolean false","status":"passed","title":"returns false for boolean false","duration":0.030290999999920132,"failureMessages":[],"meta":{}},{"ancestorTitles":["validateContextFieldsForField"],"fullName":"validateContextFieldsForField returns empty array when field has no context field IDs","status":"passed","title":"returns empty array when field has no context field IDs","duration":0.32683299999996507,"failureMessages":[],"meta":{}},{"ancestorTitles":["validateContextFieldsForField"],"fullName":"validateContextFieldsForField returns empty array when ai_context_field_ids is undefined","status":"passed","title":"returns empty array when ai_context_field_ids is undefined","duration":0.04145800000003419,"failureMessages":[],"meta":{}},{"ancestorTitles":["validateContextFieldsForField"],"fullName":"validateContextFieldsForField returns missing context fields that are empty","status":"passed","title":"returns missing context fields that are empty","duration":0.4228339999999662,"failureMessages":[],"meta":{}},{"ancestorTitles":["validateContextFieldsForField"],"fullName":"validateContextFieldsForField returns all missing when all context fields are empty","status":"passed","title":"returns all missing when all context fields are empty","duration":0.07033300000000509,"failureMessages":[],"meta":{}},{"ancestorTitles":["validateContextFieldsForField"],"fullName":"validateContextFieldsForField returns empty when all context fields have values","status":"passed","title":"returns empty when all context fields have values","duration":0.03566699999998946,"failureMessages":[],"meta":{}},{"ancestorTitles":["validateContextFieldsForField"],"fullName":"validateContextFieldsForField skips context field IDs that do not exist in allFields","status":"passed","title":"skips context field IDs that do not exist in allFields","duration":0.0504999999999427,"failureMessages":[],"meta":{}},{"ancestorTitles":["validateContextFieldsForField"],"fullName":"validateContextFieldsForField labels designer fields with \"Designer\" section","status":"passed","title":"labels designer fields with \"Designer\" section","duration":0.027458000000024185,"failureMessages":[],"meta":{}},{"ancestorTitles":["validateContextFieldsForField"],"fullName":"validateContextFieldsForField labels builder fields with \"Builder\" section","status":"passed","title":"labels builder fields with \"Builder\" section","duration":0.02754200000003948,"failureMessages":[],"meta":{}},{"ancestorTitles":["getMissingRequiredFields"],"fullName":"getMissingRequiredFields returns fields with empty values","status":"passed","title":"returns fields with empty values","duration":0.07837500000005093,"failureMessages":[],"meta":{}},{"ancestorTitles":["getMissingRequiredFields"],"fullName":"getMissingRequiredFields returns empty array when all required fields filled","status":"passed","title":"returns empty array when all required fields filled","duration":0.028791999999953077,"failureMessages":[],"meta":{}},{"ancestorTitles":["getMissingRequiredFields"],"fullName":"getMissingRequiredFields skips non-required fields even if empty","status":"passed","title":"skips non-required fields even if empty","duration":0.02862500000003365,"failureMessages":[],"meta":{}},{"ancestorTitles":["getMissingRequiredFields"],"fullName":"getMissingRequiredFields reports null values as missing","status":"passed","title":"reports null values as missing","duration":0.034708000000023276,"failureMessages":[],"meta":{}},{"ancestorTitles":["getMissingRequiredFields"],"fullName":"getMissingRequiredFields reports undefined (missing key) values as missing","status":"passed","title":"reports undefined (missing key) values as missing","duration":0.03275000000007822,"failureMessages":[],"meta":{}},{"ancestorTitles":["getMissingRequiredFields"],"fullName":"getMissingRequiredFields reports empty arrays as missing","status":"passed","title":"reports empty arrays as missing","duration":0.036166000000093845,"failureMessages":[],"meta":{}},{"ancestorTitles":["getMissingRequiredFields"],"fullName":"getMissingRequiredFields reports empty objects as missing","status":"passed","title":"reports empty objects as missing","duration":0.03254100000003746,"failureMessages":[],"meta":{}},{"ancestorTitles":["getMissingRequiredFields"],"fullName":"getMissingRequiredFields does not report non-empty arrays as missing","status":"passed","title":"does not report non-empty arrays as missing","duration":0.028542000000015832,"failureMessages":[],"meta":{}},{"ancestorTitles":["getMissingRequiredFields"],"fullName":"getMissingRequiredFields labels sections correctly (Designer vs Builder)","status":"passed","title":"labels sections correctly (Designer vs Builder)","duration":0.04349999999999454,"failureMessages":[],"meta":{}},{"ancestorTitles":["getMissingRequiredFields"],"fullName":"getMissingRequiredFields treats whitespace-only string as missing","status":"passed","title":"treats whitespace-only string as missing","duration":0.03237500000000182,"failureMessages":[],"meta":{}}],"startTime":1771623497701,"endTime":1771623497704.0325,"status":"passed","message":"","name":"/Users/emilyleblanc/Code/v2/src/test/lib/fieldValueUtils.test.js"},{"assertionResults":[{"ancestorTitles":["buildFieldResponses"],"fullName":"buildFieldResponses keys responses by field ID when keyBy=id","status":"passed","title":"keys responses by field ID when keyBy=id","duration":0.9890829999999369,"failureMessages":[],"meta":{}},{"ancestorTitles":["buildFieldResponses"],"fullName":"buildFieldResponses keys responses by field name when keyBy=name","status":"passed","title":"keys responses by field name when keyBy=name","duration":0.14183299999990595,"failureMessages":[],"meta":{}},{"ancestorTitles":["buildFieldResponses"],"fullName":"buildFieldResponses defaults to keyBy=id when no options given","status":"passed","title":"defaults to keyBy=id when no options given","duration":0.06379199999992125,"failureMessages":[],"meta":{}},{"ancestorTitles":["buildFieldResponses"],"fullName":"buildFieldResponses handles empty fields list","status":"passed","title":"handles empty fields list","duration":0.055957999999918684,"failureMessages":[],"meta":{}},{"ancestorTitles":["buildFieldResponses"],"fullName":"buildFieldResponses handles empty values","status":"passed","title":"handles empty values","duration":0.2169170000000804,"failureMessages":[],"meta":{}},{"ancestorTitles":["buildFieldResponses"],"fullName":"buildFieldResponses preserves null-ish boundary: null value gets default, defined value is kept","status":"passed","title":"preserves null-ish boundary: null value gets default, defined value is kept","duration":0.04475000000002183,"failureMessages":[],"meta":{}}],"startTime":1771623497701,"endTime":1771623497702.2168,"status":"passed","message":"","name":"/Users/emilyleblanc/Code/v2/src/test/lib/responseBuilder.test.js"},{"assertionResults":[{"ancestorTitles":["filterLinksByRole"],"fullName":"filterLinksByRole shows all public links (roles: null) to unauthenticated users","status":"passed","title":"shows all public links (roles: null) to unauthenticated users","duration":0.9690830000000688,"failureMessages":[],"meta":{}},{"ancestorTitles":["filterLinksByRole"],"fullName":"filterLinksByRole shows public + role-matched links to authenticated admin","status":"passed","title":"shows public + role-matched links to authenticated admin","duration":0.34683300000006057,"failureMessages":[],"meta":{}},{"ancestorTitles":["filterLinksByRole"],"fullName":"filterLinksByRole shows public + role-matched links to authenticated designer","status":"passed","title":"shows public + role-matched links to authenticated designer","duration":0.061707999999953245,"failureMessages":[],"meta":{}},{"ancestorTitles":["filterLinksByRole"],"fullName":"filterLinksByRole hides role-gated links from authenticated user with wrong role","status":"passed","title":"hides role-gated links from authenticated user with wrong role","duration":0.05174999999996999,"failureMessages":[],"meta":{}},{"ancestorTitles":["filterLinksByRole"],"fullName":"filterLinksByRole hides all role-gated links from unauthenticated users","status":"passed","title":"hides all role-gated links from unauthenticated users","duration":0.04229200000008859,"failureMessages":[],"meta":{}},{"ancestorTitles":["filterLinksByRole"],"fullName":"filterLinksByRole returns empty array for empty input","status":"passed","title":"returns empty array for empty input","duration":0.03558300000008785,"failureMessages":[],"meta":{}},{"ancestorTitles":["filterLinksByRole"],"fullName":"filterLinksByRole handles links with empty roles array","status":"passed","title":"handles links with empty roles array","duration":0.06099999999992178,"failureMessages":[],"meta":{}}],"startTime":1771623497700,"endTime":1771623497701.347,"status":"passed","message":"","name":"/Users/emilyleblanc/Code/v2/src/test/lib/roleUtils.test.js"},{"assertionResults":[{"ancestorTitles":["sanitizeHTML"],"fullName":"sanitizeHTML returns empty string for falsy input","status":"passed","title":"returns empty string for falsy input","duration":0.6022500000000264,"failureMessages":[],"meta":{}},{"ancestorTitles":["sanitizeHTML"],"fullName":"sanitizeHTML allows safe HTML tags","status":"passed","title":"allows safe HTML tags","duration":5.151749999999993,"failureMessages":[],"meta":{}},{"ancestorTitles":["sanitizeHTML"],"fullName":"sanitizeHTML strips script tags","status":"passed","title":"strips script tags","duration":1.4097920000000386,"failureMessages":[],"meta":{}},{"ancestorTitles":["sanitizeHTML"],"fullName":"sanitizeHTML strips event handlers","status":"passed","title":"strips event handlers","duration":1.6599580000000742,"failureMessages":[],"meta":{}},{"ancestorTitles":["sanitizeHTML"],"fullName":"sanitizeHTML strips javascript: URLs","status":"passed","title":"strips javascript: URLs","duration":0.7165829999999005,"failureMessages":[],"meta":{}},{"ancestorTitles":["sanitizeHTML"],"fullName":"sanitizeHTML allows allowed attributes","status":"passed","title":"allows allowed attributes","duration":0.39837499999998727,"failureMessages":[],"meta":{}},{"ancestorTitles":["sanitizeHTML"],"fullName":"sanitizeHTML strips data attributes","status":"passed","title":"strips data attributes","duration":1.2808750000000373,"failureMessages":[],"meta":{}}],"startTime":1771623497704,"endTime":1771623497715.2808,"status":"passed","message":"","name":"/Users/emilyleblanc/Code/v2/src/test/lib/sanitize.test.js"},{"assertionResults":[{"ancestorTitles":["extractGradeFromBand"],"fullName":"extractGradeFromBand returns highest grade from a range with en-dash","status":"passed","title":"returns highest grade from a range with en-dash","duration":0.5845000000000482,"failureMessages":[],"meta":{}},{"ancestorTitles":["extractGradeFromBand"],"fullName":"extractGradeFromBand returns highest grade from a range with hyphen","status":"passed","title":"returns highest grade from a range with hyphen","duration":0.09125000000005912,"failureMessages":[],"meta":{}},{"ancestorTitles":["extractGradeFromBand"],"fullName":"extractGradeFromBand returns the grade for a single number","status":"passed","title":"returns the grade for a single number","duration":0.05200000000002092,"failureMessages":[],"meta":{}},{"ancestorTitles":["extractGradeFromBand"],"fullName":"extractGradeFromBand returns null for null input","status":"passed","title":"returns null for null input","duration":0.05562499999996362,"failureMessages":[],"meta":{}},{"ancestorTitles":["extractGradeFromBand"],"fullName":"extractGradeFromBand returns null for undefined input","status":"passed","title":"returns null for undefined input","duration":0.03599999999994452,"failureMessages":[],"meta":{}},{"ancestorTitles":["extractGradeFromBand"],"fullName":"extractGradeFromBand returns null for empty string","status":"passed","title":"returns null for empty string","duration":0.030459000000064407,"failureMessages":[],"meta":{}},{"ancestorTitles":["extractGradeFromBand"],"fullName":"extractGradeFromBand returns null for non-numeric string","status":"passed","title":"returns null for non-numeric string","duration":0.0418329999999969,"failureMessages":[],"meta":{}},{"ancestorTitles":["extractGradesFromBand"],"fullName":"extractGradesFromBand returns all grades from a range with en-dash","status":"passed","title":"returns all grades from a range with en-dash","duration":0.3428750000000491,"failureMessages":[],"meta":{}},{"ancestorTitles":["extractGradesFromBand"],"fullName":"extractGradesFromBand returns all grades from a range with hyphen","status":"passed","title":"returns all grades from a range with hyphen","duration":0.04875000000004093,"failureMessages":[],"meta":{}},{"ancestorTitles":["extractGradesFromBand"],"fullName":"extractGradesFromBand returns single-element array for a single number","status":"passed","title":"returns single-element array for a single number","duration":0.03291699999999764,"failureMessages":[],"meta":{}},{"ancestorTitles":["extractGradesFromBand"],"fullName":"extractGradesFromBand returns empty array for null input","status":"passed","title":"returns empty array for null input","duration":0.027791999999976724,"failureMessages":[],"meta":{}},{"ancestorTitles":["extractGradesFromBand"],"fullName":"extractGradesFromBand returns empty array for undefined input","status":"passed","title":"returns empty array for undefined input","duration":0.02658299999995961,"failureMessages":[],"meta":{}},{"ancestorTitles":["extractGradesFromBand"],"fullName":"extractGradesFromBand returns empty array for empty string","status":"passed","title":"returns empty array for empty string","duration":0.024834000000055312,"failureMessages":[],"meta":{}},{"ancestorTitles":["extractGradesFromBand"],"fullName":"extractGradesFromBand returns empty array for non-numeric string","status":"passed","title":"returns empty array for non-numeric string","duration":0.026250000000004547,"failureMessages":[],"meta":{}},{"ancestorTitles":["insertStandardInOrder"],"fullName":"insertStandardInOrder inserts a standard into an empty string","status":"passed","title":"inserts a standard into an empty string","duration":0.06008400000007441,"failureMessages":[],"meta":{}},{"ancestorTitles":["insertStandardInOrder"],"fullName":"insertStandardInOrder inserts a standard into a null string","status":"passed","title":"inserts a standard into a null string","duration":0.023083000000042375,"failureMessages":[],"meta":{}},{"ancestorTitles":["insertStandardInOrder"],"fullName":"insertStandardInOrder returns existing string when standardToInsert is empty","status":"passed","title":"returns existing string when standardToInsert is empty","duration":0.021500000000060027,"failureMessages":[],"meta":{}},{"ancestorTitles":["insertStandardInOrder"],"fullName":"insertStandardInOrder does not duplicate an already-present standard","status":"passed","title":"does not duplicate an already-present standard","duration":0.05475000000001273,"failureMessages":[],"meta":{}},{"ancestorTitles":["insertStandardInOrder"],"fullName":"insertStandardInOrder maintains framework ordering: CCSS, TEKS, BEST, BLOOM, GSE","status":"passed","title":"maintains framework ordering: CCSS, TEKS, BEST, BLOOM, GSE","duration":0.047541000000023814,"failureMessages":[],"meta":{}},{"ancestorTitles":["insertStandardInOrder"],"fullName":"insertStandardInOrder inserts CCSS before TEKS","status":"passed","title":"inserts CCSS before TEKS","duration":0.03433299999994688,"failureMessages":[],"meta":{}},{"ancestorTitles":["insertStandardInOrder"],"fullName":"insertStandardInOrder maintains order with all five frameworks","status":"passed","title":"maintains order with all five frameworks","duration":0.053500000000099135,"failureMessages":[],"meta":{}},{"ancestorTitles":["insertStandardInOrder"],"fullName":"insertStandardInOrder groups multiple standards of the same framework together","status":"passed","title":"groups multiple standards of the same framework together","duration":0.08358299999997598,"failureMessages":[],"meta":{}},{"ancestorTitles":["getCcssVocabularyStandardsForGrade"],"fullName":"getCcssVocabularyStandardsForGrade returns empty array for null grade","status":"passed","title":"returns empty array for null grade","duration":0.706792000000064,"failureMessages":[],"meta":{}},{"ancestorTitles":["getCcssVocabularyStandardsForGrade"],"fullName":"getCcssVocabularyStandardsForGrade returns empty array for undefined grade","status":"passed","title":"returns empty array for undefined grade","duration":0.17074999999999818,"failureMessages":[],"meta":{}},{"ancestorTitles":["getCcssVocabularyStandardsForGrade"],"fullName":"getCcssVocabularyStandardsForGrade returns empty array for NaN grade","status":"passed","title":"returns empty array for NaN grade","duration":0.15754200000003493,"failureMessages":[],"meta":{}},{"ancestorTitles":["getCcssVocabularyStandardsForGrade"],"fullName":"getCcssVocabularyStandardsForGrade returns exact CCSS L.x.4 and L.x.6 codes for grade 8","status":"passed","title":"returns exact CCSS L.x.4 and L.x.6 codes for grade 8","duration":0.8363749999999754,"failureMessages":[],"meta":{}},{"ancestorTitles":["getCcssVocabularyStandardsForGrade"],"fullName":"getCcssVocabularyStandardsForGrade accepts grade as string","status":"passed","title":"accepts grade as string","duration":0.24279200000000856,"failureMessages":[],"meta":{}},{"ancestorTitles":["getCcssVocabularyStandardsForGrade"],"fullName":"getCcssVocabularyStandardsForGrade falls back to range codes when no exact match exists","status":"passed","title":"falls back to range codes when no exact match exists","duration":6.216249999999945,"failureMessages":[],"meta":{}},{"ancestorTitles":["getMappedVocabularyStandardsForGrade"],"fullName":"getMappedVocabularyStandardsForGrade returns empty for CCSS framework (no mapping needed)","status":"passed","title":"returns empty for CCSS framework (no mapping needed)","duration":0.3546670000000631,"failureMessages":[],"meta":{}},{"ancestorTitles":["getMappedVocabularyStandardsForGrade"],"fullName":"getMappedVocabularyStandardsForGrade returns empty for null framework","status":"passed","title":"returns empty for null framework","duration":0.12199999999995725,"failureMessages":[],"meta":{}},{"ancestorTitles":["getMappedVocabularyStandardsForGrade"],"fullName":"getMappedVocabularyStandardsForGrade returns empty for null grade","status":"passed","title":"returns empty for null grade","duration":0.1318340000000262,"failureMessages":[],"meta":{}},{"ancestorTitles":["getMappedVocabularyStandardsForGrade"],"fullName":"getMappedVocabularyStandardsForGrade returns empty for NaN grade","status":"passed","title":"returns empty for NaN grade","duration":0.11883399999999256,"failureMessages":[],"meta":{}},{"ancestorTitles":["getMappedVocabularyStandardsForGrade"],"fullName":"getMappedVocabularyStandardsForGrade returns TEKS vocab codes for grade 8","status":"passed","title":"returns TEKS vocab codes for grade 8","duration":0.280666999999994,"failureMessages":[],"meta":{}},{"ancestorTitles":["getMappedVocabularyStandardsForGrade"],"fullName":"getMappedVocabularyStandardsForGrade returns GSE vocab codes for grade 8","status":"passed","title":"returns GSE vocab codes for grade 8","duration":0.22070799999994506,"failureMessages":[],"meta":{}},{"ancestorTitles":["getMappedVocabularyStandardsForGrade"],"fullName":"getMappedVocabularyStandardsForGrade is case-insensitive for framework","status":"passed","title":"is case-insensitive for framework","duration":0.1748330000000351,"failureMessages":[],"meta":{}},{"ancestorTitles":["getCcssMainIdeaStandardsForGrade"],"fullName":"getCcssMainIdeaStandardsForGrade returns empty for null grade","status":"passed","title":"returns empty for null grade","duration":0.19799999999997908,"failureMessages":[],"meta":{}},{"ancestorTitles":["getCcssMainIdeaStandardsForGrade"],"fullName":"getCcssMainIdeaStandardsForGrade returns empty for NaN grade","status":"passed","title":"returns empty for NaN grade","duration":0.1297500000000582,"failureMessages":[],"meta":{}},{"ancestorTitles":["getCcssMainIdeaStandardsForGrade"],"fullName":"getCcssMainIdeaStandardsForGrade returns exact CCSS.RI.x.2 for grade 8","status":"passed","title":"returns exact CCSS.RI.x.2 for grade 8","duration":0.16754100000002836,"failureMessages":[],"meta":{}},{"ancestorTitles":["getCcssMainIdeaStandardsForGrade"],"fullName":"getCcssMainIdeaStandardsForGrade falls back to range when no exact match","status":"passed","title":"falls back to range when no exact match","duration":0.22183299999994688,"failureMessages":[],"meta":{}},{"ancestorTitles":["getMappedMainIdeaStandardsForGrade"],"fullName":"getMappedMainIdeaStandardsForGrade returns empty for CCSS framework","status":"passed","title":"returns empty for CCSS framework","duration":0.2078750000000582,"failureMessages":[],"meta":{}},{"ancestorTitles":["getMappedMainIdeaStandardsForGrade"],"fullName":"getMappedMainIdeaStandardsForGrade returns empty for null framework","status":"passed","title":"returns empty for null framework","duration":0.11179100000003928,"failureMessages":[],"meta":{}},{"ancestorTitles":["getMappedMainIdeaStandardsForGrade"],"fullName":"getMappedMainIdeaStandardsForGrade returns empty for null grade","status":"passed","title":"returns empty for null grade","duration":0.1090839999999389,"failureMessages":[],"meta":{}},{"ancestorTitles":["getMappedMainIdeaStandardsForGrade"],"fullName":"getMappedMainIdeaStandardsForGrade returns empty for NaN grade","status":"passed","title":"returns empty for NaN grade","duration":0.12529200000005858,"failureMessages":[],"meta":{}},{"ancestorTitles":["getMappedMainIdeaStandardsForGrade"],"fullName":"getMappedMainIdeaStandardsForGrade returns TEKS main idea codes for grade 8","status":"passed","title":"returns TEKS main idea codes for grade 8","duration":0.42641699999990124,"failureMessages":[],"meta":{}},{"ancestorTitles":["getMappedMainIdeaStandardsForGrade"],"fullName":"getMappedMainIdeaStandardsForGrade returns BEST main idea codes for grade 8","status":"passed","title":"returns BEST main idea codes for grade 8","duration":0.3548749999999927,"failureMessages":[],"meta":{}},{"ancestorTitles":["getMappedStandardsWithSource"],"fullName":"getMappedStandardsWithSource returns mapped standards and source for a CCSS code","status":"passed","title":"returns mapped standards and source for a CCSS code","duration":0.4179159999999911,"failureMessages":[],"meta":{}},{"ancestorTitles":["getMappedStandardsWithSource"],"fullName":"getMappedStandardsWithSource returns mapped standards from a non-CCSS code via reverse lookup","status":"passed","title":"returns mapped standards from a non-CCSS code via reverse lookup","duration":0.24066700000003038,"failureMessages":[],"meta":{}},{"ancestorTitles":["getMappedStandardsWithSource"],"fullName":"getMappedStandardsWithSource returns \"(Statement not available)\" for unknown code","status":"passed","title":"returns \"(Statement not available)\" for unknown code","duration":0.20612499999992906,"failureMessages":[],"meta":{}},{"ancestorTitles":["getMappedStandardsWithSource"],"fullName":"getMappedStandardsWithSource applies grade filter","status":"passed","title":"applies grade filter","duration":0.27283299999999144,"failureMessages":[],"meta":{}},{"ancestorTitles":["filterAlignedStandardsWithAI"],"fullName":"filterAlignedStandardsWithAI returns AI-filtered standards and backfills missing frameworks","status":"passed","title":"returns AI-filtered standards and backfills missing frameworks","duration":0.4771250000000009,"failureMessages":[],"meta":{}},{"ancestorTitles":["filterAlignedStandardsWithAI"],"fullName":"filterAlignedStandardsWithAI falls back to one-per-framework when AI returns irrelevant text","status":"passed","title":"falls back to one-per-framework when AI returns irrelevant text","duration":0.25941599999998743,"failureMessages":[],"meta":{}},{"ancestorTitles":["filterAlignedStandardsWithAI"],"fullName":"filterAlignedStandardsWithAI returns original list when AI throws","status":"passed","title":"returns original list when AI throws","duration":3.63900000000001,"failureMessages":[],"meta":{}},{"ancestorTitles":["filterAlignedStandardsWithAI"],"fullName":"filterAlignedStandardsWithAI handles empty context gracefully","status":"passed","title":"handles empty context gracefully","duration":0.3237909999999147,"failureMessages":[],"meta":{}}],"startTime":1771623497701,"endTime":1771623497721.3237,"status":"passed","message":"","name":"/Users/emilyleblanc/Code/v2/src/test/lib/standardsMapper.test.js"}],"coverageMap":{"/Users/emilyleblanc/Code/v2/src/components/auth/ProtectedRoute.jsx":{"path":"/Users/emilyleblanc/Code/v2/src/components/auth/ProtectedRoute.jsx","statementMap":{"0":{"start":{"line":11,"column":18},"end":{"line":11,"column":null}},"1":{"start":{"line":14,"column":2},"end":{"line":14,"column":null}},"2":{"start":{"line":14,"column":36},"end":{"line":14,"column":null}},"3":{"start":{"line":17,"column":2},"end":{"line":19,"column":null}},"4":{"start":{"line":18,"column":4},"end":{"line":18,"column":null}},"5":{"start":{"line":21,"column":2},"end":{"line":21,"column":null}}},"fnMap":{"0":{"name":"ProtectedRoute","decl":{"start":{"line":10,"column":24},"end":{"line":10,"column":39}},"loc":{"start":{"line":10,"column":60},"end":{"line":22,"column":null}},"line":10}},"branchMap":{"0":{"loc":{"start":{"line":14,"column":2},"end":{"line":14,"column":null}},"type":"if","locations":[{"start":{"line":14,"column":2},"end":{"line":14,"column":null}},{"start":{},"end":{}}],"line":14},"1":{"loc":{"start":{"line":14,"column":6},"end":{"line":14,"column":36}},"type":"binary-expr","locations":[{"start":{"line":14,"column":6},"end":{"line":14,"column":16}},{"start":{"line":14,"column":16},"end":{"line":14,"column":36}}],"line":14},"2":{"loc":{"start":{"line":17,"column":2},"end":{"line":19,"column":null}},"type":"if","locations":[{"start":{"line":17,"column":2},"end":{"line":19,"column":null}},{"start":{},"end":{}}],"line":17},"3":{"loc":{"start":{"line":17,"column":6},"end":{"line":17,"column":55}},"type":"binary-expr","locations":[{"start":{"line":17,"column":6},"end":{"line":17,"column":24}},{"start":{"line":17,"column":24},"end":{"line":17,"column":55}}],"line":17}},"s":{"0":3,"1":3,"2":1,"3":2,"4":1,"5":1},"f":{"0":3},"b":{"0":[1,2],"1":[3,2],"2":[1,1],"3":[2,2]},"meta":{"lastBranch":4,"lastFunction":1,"lastStatement":6,"seen":{"f:10:24:10:39":0,"s:11:18:11:Infinity":0,"b:14:2:14:Infinity:undefined:undefined:undefined:undefined":0,"s:14:2:14:Infinity":1,"b:14:6:14:16:14:16:14:36":1,"s:14:36:14:Infinity":2,"b:17:2:19:Infinity:undefined:undefined:undefined:undefined":2,"s:17:2:19:Infinity":3,"b:17:6:17:24:17:24:17:55":3,"s:18:4:18:Infinity":4,"s:21:2:21:Infinity":5}}},"/Users/emilyleblanc/Code/v2/src/ai/responseBuilder.js":{"path":"/Users/emilyleblanc/Code/v2/src/ai/responseBuilder.js","statementMap":{"0":{"start":{"line":18,"column":28},"end":{"line":18,"column":30}},"1":{"start":{"line":19,"column":27},"end":{"line":19,"column":29}},"2":{"start":{"line":21,"column":2},"end":{"line":31,"column":null}},"3":{"start":{"line":22,"column":19},"end":{"line":22,"column":87}},"4":{"start":{"line":23,"column":16},"end":{"line":23,"column":56}},"5":{"start":{"line":24,"column":18},"end":{"line":24,"column":39}},"6":{"start":{"line":26,"column":4},"end":{"line":30,"column":null}},"7":{"start":{"line":27,"column":6},"end":{"line":27,"column":null}},"8":{"start":{"line":29,"column":6},"end":{"line":29,"column":null}},"9":{"start":{"line":33,"column":2},"end":{"line":33,"column":null}},"10":{"start":{"line":40,"column":2},"end":{"line":50,"column":null}},"11":{"start":{"line":43,"column":6},"end":{"line":43,"column":null}},"12":{"start":{"line":45,"column":6},"end":{"line":45,"column":null}},"13":{"start":{"line":47,"column":6},"end":{"line":47,"column":null}},"14":{"start":{"line":49,"column":6},"end":{"line":49,"column":null}}},"fnMap":{"0":{"name":"buildFieldResponses","decl":{"start":{"line":17,"column":16},"end":{"line":17,"column":35}},"loc":{"start":{"line":17,"column":80},"end":{"line":34,"column":null}},"line":17},"1":{"name":"emptyValueForType","decl":{"start":{"line":39,"column":9},"end":{"line":39,"column":26}},"loc":{"start":{"line":39,"column":34},"end":{"line":51,"column":null}},"line":39}},"branchMap":{"0":{"loc":{"start":{"line":17,"column":57},"end":{"line":17,"column":78}},"type":"default-arg","locations":[{"start":{"line":17,"column":76},"end":{"line":17,"column":78}}],"line":17},"1":{"loc":{"start":{"line":17,"column":59},"end":{"line":17,"column":71}},"type":"default-arg","locations":[{"start":{"line":17,"column":67},"end":{"line":17,"column":71}}],"line":17},"2":{"loc":{"start":{"line":22,"column":19},"end":{"line":22,"column":87}},"type":"cond-expr","locations":[{"start":{"line":22,"column":51},"end":{"line":22,"column":68}},{"start":{"line":22,"column":71},"end":{"line":22,"column":87}}],"line":22},"3":{"loc":{"start":{"line":23,"column":16},"end":{"line":23,"column":56}},"type":"cond-expr","locations":[{"start":{"line":23,"column":35},"end":{"line":23,"column":45}},{"start":{"line":23,"column":48},"end":{"line":23,"column":56}}],"line":23},"4":{"loc":{"start":{"line":26,"column":4},"end":{"line":30,"column":null}},"type":"if","locations":[{"start":{"line":26,"column":4},"end":{"line":30,"column":null}},{"start":{"line":28,"column":11},"end":{"line":30,"column":null}}],"line":26},"5":{"loc":{"start":{"line":26,"column":8},"end":{"line":26,"column":45}},"type":"binary-expr","locations":[{"start":{"line":26,"column":8},"end":{"line":26,"column":27}},{"start":{"line":26,"column":31},"end":{"line":26,"column":45}}],"line":26},"6":{"loc":{"start":{"line":40,"column":2},"end":{"line":50,"column":null}},"type":"switch","locations":[{"start":{"line":41,"column":4},"end":{"line":41,"column":null}},{"start":{"line":42,"column":4},"end":{"line":43,"column":null}},{"start":{"line":44,"column":4},"end":{"line":45,"column":null}},{"start":{"line":46,"column":4},"end":{"line":47,"column":null}},{"start":{"line":48,"column":4},"end":{"line":49,"column":null}}],"line":40}},"s":{"0":6,"1":6,"2":6,"3":30,"4":30,"5":30,"6":30,"7":10,"8":20,"9":6,"10":20,"11":7,"12":5,"13":5,"14":3},"f":{"0":6,"1":20},"b":{"0":[6],"1":[6],"2":[15,15],"3":[6,24],"4":[10,20],"5":[30,11],"6":[5,7,5,5,3]},"meta":{"lastBranch":7,"lastFunction":2,"lastStatement":15,"seen":{"f:17:16:17:35":0,"b:17:76:17:78":0,"b:17:67:17:71":1,"s:18:28:18:30":0,"s:19:27:19:29":1,"s:21:2:31:Infinity":2,"s:22:19:22:87":3,"b:22:51:22:68:22:71:22:87":2,"s:23:16:23:56":4,"b:23:35:23:45:23:48:23:56":3,"s:24:18:24:39":5,"b:26:4:30:Infinity:28:11:30:Infinity":4,"s:26:4:30:Infinity":6,"b:26:8:26:27:26:31:26:45":5,"s:27:6:27:Infinity":7,"s:29:6:29:Infinity":8,"s:33:2:33:Infinity":9,"f:39:9:39:26":1,"b:41:4:41:Infinity:42:4:43:Infinity:44:4:45:Infinity:46:4:47:Infinity:48:4:49:Infinity":6,"s:40:2:50:Infinity":10,"s:43:6:43:Infinity":11,"s:45:6:45:Infinity":12,"s:47:6:47:Infinity":13,"s:49:6:49:Infinity":14}}},"/Users/emilyleblanc/Code/v2/src/ai/promptBuilder.js":{"path":"/Users/emilyleblanc/Code/v2/src/ai/promptBuilder.js","statementMap":{"0":{"start":{"line":1,"column":23},"end":{"line":1,"column":43}},"1":{"start":{"line":11,"column":2},"end":{"line":11,"column":null}},"2":{"start":{"line":11,"column":43},"end":{"line":11,"column":null}},"3":{"start":{"line":12,"column":18},"end":{"line":12,"column":30}},"4":{"start":{"line":13,"column":2},"end":{"line":13,"column":null}},"5":{"start":{"line":13,"column":16},"end":{"line":13,"column":null}},"6":{"start":{"line":16,"column":2},"end":{"line":18,"column":null}},"7":{"start":{"line":17,"column":4},"end":{"line":17,"column":null}},"8":{"start":{"line":21,"column":27},"end":{"line":21,"column":87}},"9":{"start":{"line":23,"column":2},"end":{"line":26,"column":null}},"10":{"start":{"line":25,"column":4},"end":{"line":25,"column":null}},"11":{"start":{"line":31,"column":13},"end":{"line":34,"column":28}},"12":{"start":{"line":37,"column":2},"end":{"line":46,"column":null}},"13":{"start":{"line":48,"column":2},"end":{"line":48,"column":null}},"14":{"start":{"line":74,"column":6},"end":{"line":74,"column":12}},"15":{"start":{"line":76,"column":19},"end":{"line":76,"column":21}},"16":{"start":{"line":77,"column":39},"end":{"line":77,"column":74}},"17":{"start":{"line":78,"column":27},"end":{"line":78,"column":50}},"18":{"start":{"line":79,"column":39},"end":{"line":79,"column":74}},"19":{"start":{"line":80,"column":40},"end":{"line":80,"column":76}},"20":{"start":{"line":83,"column":2},"end":{"line":86,"column":null}},"21":{"start":{"line":84,"column":4},"end":{"line":84,"column":null}},"22":{"start":{"line":85,"column":4},"end":{"line":85,"column":null}},"23":{"start":{"line":89,"column":2},"end":{"line":92,"column":null}},"24":{"start":{"line":90,"column":4},"end":{"line":90,"column":null}},"25":{"start":{"line":91,"column":4},"end":{"line":91,"column":null}},"26":{"start":{"line":95,"column":2},"end":{"line":95,"column":null}},"27":{"start":{"line":96,"column":2},"end":{"line":96,"column":null}},"28":{"start":{"line":99,"column":2},"end":{"line":135,"column":null}},"29":{"start":{"line":100,"column":4},"end":{"line":100,"column":null}},"30":{"start":{"line":102,"column":4},"end":{"line":102,"column":null}},"31":{"start":{"line":104,"column":4},"end":{"line":127,"column":null}},"32":{"start":{"line":105,"column":27},"end":{"line":105,"column":64}},"33":{"start":{"line":105,"column":47},"end":{"line":105,"column":63}},"34":{"start":{"line":106,"column":6},"end":{"line":126,"column":null}},"35":{"start":{"line":107,"column":27},"end":{"line":107,"column":47}},"36":{"start":{"line":108,"column":27},"end":{"line":108,"column":41}},"37":{"start":{"line":110,"column":8},"end":{"line":123,"column":null}},"38":{"start":{"line":111,"column":10},"end":{"line":122,"column":null}},"39":{"start":{"line":112,"column":12},"end":{"line":112,"column":null}},"40":{"start":{"line":113,"column":17},"end":{"line":122,"column":null}},"41":{"start":{"line":116,"column":12},"end":{"line":121,"column":null}},"42":{"start":{"line":117,"column":35},"end":{"line":117,"column":70}},"43":{"start":{"line":118,"column":14},"end":{"line":118,"column":null}},"44":{"start":{"line":120,"column":14},"end":{"line":120,"column":null}},"45":{"start":{"line":125,"column":8},"end":{"line":125,"column":null}},"46":{"start":{"line":129,"column":4},"end":{"line":134,"column":null}},"47":{"start":{"line":130,"column":6},"end":{"line":133,"column":null}},"48":{"start":{"line":131,"column":8},"end":{"line":131,"column":null}},"49":{"start":{"line":131,"column":54},"end":{"line":131,"column":null}},"50":{"start":{"line":132,"column":8},"end":{"line":132,"column":null}},"51":{"start":{"line":137,"column":2},"end":{"line":137,"column":null}},"52":{"start":{"line":138,"column":2},"end":{"line":138,"column":null}}},"fnMap":{"0":{"name":"htmlToPlainText","decl":{"start":{"line":10,"column":9},"end":{"line":10,"column":24}},"loc":{"start":{"line":10,"column":32},"end":{"line":49,"column":null}},"line":10},"1":{"name":"buildFullPrompt","decl":{"start":{"line":64,"column":16},"end":{"line":64,"column":31}},"loc":{"start":{"line":64,"column":40},"end":{"line":139,"column":null}},"line":64},"2":{"name":"(anonymous_2)","decl":{"start":{"line":104,"column":29},"end":{"line":104,"column":36}},"loc":{"start":{"line":104,"column":40},"end":{"line":127,"column":5}},"line":104},"3":{"name":"(anonymous_3)","decl":{"start":{"line":105,"column":42},"end":{"line":105,"column":43}},"loc":{"start":{"line":105,"column":47},"end":{"line":105,"column":63}},"line":105},"4":{"name":"(anonymous_4)","decl":{"start":{"line":130,"column":33},"end":{"line":130,"column":38}},"loc":{"start":{"line":130,"column":42},"end":{"line":133,"column":7}},"line":130}},"branchMap":{"0":{"loc":{"start":{"line":11,"column":2},"end":{"line":11,"column":null}},"type":"if","locations":[{"start":{"line":11,"column":2},"end":{"line":11,"column":null}},{"start":{},"end":{}}],"line":11},"1":{"loc":{"start":{"line":11,"column":6},"end":{"line":11,"column":41}},"type":"binary-expr","locations":[{"start":{"line":11,"column":6},"end":{"line":11,"column":12}},{"start":{"line":11,"column":16},"end":{"line":11,"column":41}}],"line":11},"2":{"loc":{"start":{"line":11,"column":50},"end":{"line":11,"column":61}},"type":"binary-expr","locations":[{"start":{"line":11,"column":50},"end":{"line":11,"column":55}},{"start":{"line":11,"column":59},"end":{"line":11,"column":61}}],"line":11},"3":{"loc":{"start":{"line":13,"column":2},"end":{"line":13,"column":null}},"type":"if","locations":[{"start":{"line":13,"column":2},"end":{"line":13,"column":null}},{"start":{},"end":{}}],"line":13},"4":{"loc":{"start":{"line":16,"column":2},"end":{"line":18,"column":null}},"type":"if","locations":[{"start":{"line":16,"column":2},"end":{"line":18,"column":null}},{"start":{},"end":{}}],"line":16},"5":{"loc":{"start":{"line":23,"column":2},"end":{"line":26,"column":null}},"type":"if","locations":[{"start":{"line":23,"column":2},"end":{"line":26,"column":null}},{"start":{},"end":{}}],"line":23},"6":{"loc":{"start":{"line":66,"column":4},"end":{"line":66,"column":27}},"type":"default-arg","locations":[{"start":{"line":66,"column":25},"end":{"line":66,"column":27}}],"line":66},"7":{"loc":{"start":{"line":67,"column":4},"end":{"line":67,"column":15}},"type":"default-arg","locations":[{"start":{"line":67,"column":13},"end":{"line":67,"column":15}}],"line":67},"8":{"loc":{"start":{"line":68,"column":4},"end":{"line":68,"column":27}},"type":"default-arg","locations":[{"start":{"line":68,"column":25},"end":{"line":68,"column":27}}],"line":68},"9":{"loc":{"start":{"line":69,"column":4},"end":{"line":69,"column":28}},"type":"default-arg","locations":[{"start":{"line":69,"column":26},"end":{"line":69,"column":28}}],"line":69},"10":{"loc":{"start":{"line":70,"column":4},"end":{"line":70,"column":25}},"type":"default-arg","locations":[{"start":{"line":70,"column":23},"end":{"line":70,"column":25}}],"line":70},"11":{"loc":{"start":{"line":71,"column":4},"end":{"line":71,"column":18}},"type":"default-arg","locations":[{"start":{"line":71,"column":16},"end":{"line":71,"column":18}}],"line":71},"12":{"loc":{"start":{"line":72,"column":4},"end":{"line":72,"column":20}},"type":"default-arg","locations":[{"start":{"line":72,"column":18},"end":{"line":72,"column":20}}],"line":72},"13":{"loc":{"start":{"line":73,"column":4},"end":{"line":73,"column":null}},"type":"default-arg","locations":[{"start":{"line":73,"column":25},"end":{"line":73,"column":null}}],"line":73},"14":{"loc":{"start":{"line":83,"column":2},"end":{"line":86,"column":null}},"type":"if","locations":[{"start":{"line":83,"column":2},"end":{"line":86,"column":null}},{"start":{},"end":{}}],"line":83},"15":{"loc":{"start":{"line":89,"column":2},"end":{"line":92,"column":null}},"type":"if","locations":[{"start":{"line":89,"column":2},"end":{"line":92,"column":null}},{"start":{},"end":{}}],"line":89},"16":{"loc":{"start":{"line":96,"column":17},"end":{"line":96,"column":83}},"type":"binary-expr","locations":[{"start":{"line":96,"column":17},"end":{"line":96,"column":45}},{"start":{"line":96,"column":49},"end":{"line":96,"column":83}}],"line":96},"17":{"loc":{"start":{"line":99,"column":2},"end":{"line":135,"column":null}},"type":"if","locations":[{"start":{"line":99,"column":2},"end":{"line":135,"column":null}},{"start":{},"end":{}}],"line":99},"18":{"loc":{"start":{"line":99,"column":6},"end":{"line":99,"column":66}},"type":"binary-expr","locations":[{"start":{"line":99,"column":6},"end":{"line":99,"column":33}},{"start":{"line":99,"column":37},"end":{"line":99,"column":66}}],"line":99},"19":{"loc":{"start":{"line":102,"column":19},"end":{"line":102,"column":113}},"type":"binary-expr","locations":[{"start":{"line":102,"column":19},"end":{"line":102,"column":48}},{"start":{"line":102,"column":52},"end":{"line":102,"column":113}}],"line":102},"20":{"loc":{"start":{"line":106,"column":6},"end":{"line":126,"column":null}},"type":"if","locations":[{"start":{"line":106,"column":6},"end":{"line":126,"column":null}},{"start":{},"end":{}}],"line":106},"21":{"loc":{"start":{"line":110,"column":8},"end":{"line":123,"column":null}},"type":"if","locations":[{"start":{"line":110,"column":8},"end":{"line":123,"column":null}},{"start":{},"end":{}}],"line":110},"22":{"loc":{"start":{"line":111,"column":10},"end":{"line":122,"column":null}},"type":"if","locations":[{"start":{"line":111,"column":10},"end":{"line":122,"column":null}},{"start":{"line":113,"column":17},"end":{"line":122,"column":null}}],"line":111},"23":{"loc":{"start":{"line":113,"column":17},"end":{"line":122,"column":null}},"type":"if","locations":[{"start":{"line":113,"column":17},"end":{"line":122,"column":null}},{"start":{},"end":{}}],"line":113},"24":{"loc":{"start":{"line":116,"column":12},"end":{"line":121,"column":null}},"type":"if","locations":[{"start":{"line":116,"column":12},"end":{"line":121,"column":null}},{"start":{"line":119,"column":19},"end":{"line":121,"column":null}}],"line":116},"25":{"loc":{"start":{"line":116,"column":16},"end":{"line":116,"column":75}},"type":"binary-expr","locations":[{"start":{"line":116,"column":16},"end":{"line":116,"column":36}},{"start":{"line":116,"column":40},"end":{"line":116,"column":75}}],"line":116},"26":{"loc":{"start":{"line":129,"column":4},"end":{"line":134,"column":null}},"type":"if","locations":[{"start":{"line":129,"column":4},"end":{"line":134,"column":null}},{"start":{},"end":{}}],"line":129},"27":{"loc":{"start":{"line":131,"column":8},"end":{"line":131,"column":null}},"type":"if","locations":[{"start":{"line":131,"column":8},"end":{"line":131,"column":null}},{"start":{},"end":{}}],"line":131},"28":{"loc":{"start":{"line":131,"column":12},"end":{"line":131,"column":52}},"type":"binary-expr","locations":[{"start":{"line":131,"column":12},"end":{"line":131,"column":18}},{"start":{"line":131,"column":22},"end":{"line":131,"column":34}},{"start":{"line":131,"column":38},"end":{"line":131,"column":52}}],"line":131}},"s":{"0":1,"1":52,"2":42,"3":10,"4":10,"5":0,"6":10,"7":8,"8":2,"9":2,"10":0,"11":2,"12":2,"13":2,"14":13,"15":13,"16":13,"17":13,"18":13,"19":13,"20":13,"21":2,"22":2,"23":13,"24":5,"25":5,"26":13,"27":13,"28":13,"29":7,"30":7,"31":7,"32":6,"33":6,"34":6,"35":5,"36":5,"37":5,"38":4,"39":2,"40":2,"41":2,"42":2,"43":2,"44":0,"45":5,"46":7,"47":2,"48":6,"49":4,"50":2,"51":13,"52":13},"f":{"0":52,"1":13,"2":6,"3":6,"4":6},"b":{"0":[42,10],"1":[52,10],"2":[42,42],"3":[0,10],"4":[8,2],"5":[0,2],"6":[13],"7":[13],"8":[13],"9":[13],"10":[13],"11":[13],"12":[13],"13":[13],"14":[2,11],"15":[5,8],"16":[13,11],"17":[7,6],"18":[13,8],"19":[7,6],"20":[5,1],"21":[4,1],"22":[2,2],"23":[2,0],"24":[2,0],"25":[2,2],"26":[2,5],"27":[4,2],"28":[6,5,3]},"meta":{"lastBranch":29,"lastFunction":5,"lastStatement":53,"seen":{"s:1:23:1:43":0,"f:10:9:10:24":0,"b:11:2:11:Infinity:undefined:undefined:undefined:undefined":0,"s:11:2:11:Infinity":1,"b:11:6:11:12:11:16:11:41":1,"s:11:43:11:Infinity":2,"b:11:50:11:55:11:59:11:61":2,"s:12:18:12:30":3,"b:13:2:13:Infinity:undefined:undefined:undefined:undefined":3,"s:13:2:13:Infinity":4,"s:13:16:13:Infinity":5,"b:16:2:18:Infinity:undefined:undefined:undefined:undefined":4,"s:16:2:18:Infinity":6,"s:17:4:17:Infinity":7,"s:21:27:21:87":8,"b:23:2:26:Infinity:undefined:undefined:undefined:undefined":5,"s:23:2:26:Infinity":9,"s:25:4:25:Infinity":10,"s:31:13:34:28":11,"s:37:2:46:Infinity":12,"s:48:2:48:Infinity":13,"f:64:16:64:31":1,"s:74:6:74:12":14,"b:66:25:66:27":6,"b:67:13:67:15":7,"b:68:25:68:27":8,"b:69:26:69:28":9,"b:70:23:70:25":10,"b:71:16:71:18":11,"b:72:18:72:20":12,"b:73:25:73:Infinity":13,"s:76:19:76:21":15,"s:77:39:77:74":16,"s:78:27:78:50":17,"s:79:39:79:74":18,"s:80:40:80:76":19,"b:83:2:86:Infinity:undefined:undefined:undefined:undefined":14,"s:83:2:86:Infinity":20,"s:84:4:84:Infinity":21,"s:85:4:85:Infinity":22,"b:89:2:92:Infinity:undefined:undefined:undefined:undefined":15,"s:89:2:92:Infinity":23,"s:90:4:90:Infinity":24,"s:91:4:91:Infinity":25,"s:95:2:95:Infinity":26,"s:96:2:96:Infinity":27,"b:96:17:96:45:96:49:96:83":16,"b:99:2:135:Infinity:undefined:undefined:undefined:undefined":17,"s:99:2:135:Infinity":28,"b:99:6:99:33:99:37:99:66":18,"s:100:4:100:Infinity":29,"s:102:4:102:Infinity":30,"b:102:19:102:48:102:52:102:113":19,"s:104:4:127:Infinity":31,"f:104:29:104:36":2,"s:105:27:105:64":32,"f:105:42:105:43":3,"s:105:47:105:63":33,"b:106:6:126:Infinity:undefined:undefined:undefined:undefined":20,"s:106:6:126:Infinity":34,"s:107:27:107:47":35,"s:108:27:108:41":36,"b:110:8:123:Infinity:undefined:undefined:undefined:undefined":21,"s:110:8:123:Infinity":37,"b:111:10:122:Infinity:113:17:122:Infinity":22,"s:111:10:122:Infinity":38,"s:112:12:112:Infinity":39,"b:113:17:122:Infinity:undefined:undefined:undefined:undefined":23,"s:113:17:122:Infinity":40,"b:116:12:121:Infinity:119:19:121:Infinity":24,"s:116:12:121:Infinity":41,"b:116:16:116:36:116:40:116:75":25,"s:117:35:117:70":42,"s:118:14:118:Infinity":43,"s:120:14:120:Infinity":44,"s:125:8:125:Infinity":45,"b:129:4:134:Infinity:undefined:undefined:undefined:undefined":26,"s:129:4:134:Infinity":46,"s:130:6:133:Infinity":47,"f:130:33:130:38":4,"b:131:8:131:Infinity:undefined:undefined:undefined:undefined":27,"s:131:8:131:Infinity":48,"b:131:12:131:18:131:22:131:34:131:38:131:52":28,"s:131:54:131:Infinity":49,"s:132:8:132:Infinity":50,"s:137:2:137:Infinity":51,"s:138:2:138:Infinity":52}}},"/Users/emilyleblanc/Code/v2/src/hooks/useToast.js":{"path":"/Users/emilyleblanc/Code/v2/src/hooks/useToast.js","statementMap":{"0":{"start":{"line":15,"column":17},"end":{"line":15,"column":42}},"1":{"start":{"line":16,"column":2},"end":{"line":18,"column":null}},"2":{"start":{"line":17,"column":4},"end":{"line":17,"column":null}},"3":{"start":{"line":19,"column":2},"end":{"line":19,"column":null}}},"fnMap":{"0":{"name":"useToast","decl":{"start":{"line":14,"column":16},"end":{"line":14,"column":24}},"loc":{"start":{"line":14,"column":27},"end":{"line":20,"column":null}},"line":14}},"branchMap":{"0":{"loc":{"start":{"line":16,"column":2},"end":{"line":18,"column":null}},"type":"if","locations":[{"start":{"line":16,"column":2},"end":{"line":18,"column":null}},{"start":{},"end":{}}],"line":16}},"s":{"0":7,"1":7,"2":0,"3":7},"f":{"0":7},"b":{"0":[0,7]},"meta":{"lastBranch":1,"lastFunction":1,"lastStatement":4,"seen":{"f:14:16:14:24":0,"s:15:17:15:42":0,"b:16:2:18:Infinity:undefined:undefined:undefined:undefined":0,"s:16:2:18:Infinity":1,"s:17:4:17:Infinity":2,"s:19:2:19:Infinity":3}}},"/Users/emilyleblanc/Code/v2/src/lib/dragUtils.js":{"path":"/Users/emilyleblanc/Code/v2/src/lib/dragUtils.js","statementMap":{"0":{"start":{"line":14,"column":27},"end":{"line":14,"column":32}},"1":{"start":{"line":16,"column":2},"end":{"line":16,"column":null}},"2":{"start":{"line":16,"column":38},"end":{"line":16,"column":null}},"3":{"start":{"line":18,"column":25},"end":{"line":18,"column":71}},"4":{"start":{"line":18,"column":46},"end":{"line":18,"column":70}},"5":{"start":{"line":19,"column":19},"end":{"line":19,"column":70}},"6":{"start":{"line":19,"column":51},"end":{"line":19,"column":69}},"7":{"start":{"line":20,"column":19},"end":{"line":20,"column":68}},"8":{"start":{"line":20,"column":51},"end":{"line":20,"column":67}},"9":{"start":{"line":22,"column":2},"end":{"line":22,"column":null}},"10":{"start":{"line":22,"column":42},"end":{"line":22,"column":null}},"11":{"start":{"line":25,"column":27},"end":{"line":25,"column":73}},"12":{"start":{"line":28,"column":22},"end":{"line":28,"column":68}},"13":{"start":{"line":28,"column":43},"end":{"line":28,"column":67}},"14":{"start":{"line":29,"column":20},"end":{"line":29,"column":58}},"15":{"start":{"line":30,"column":2},"end":{"line":30,"column":null}},"16":{"start":{"line":33,"column":2},"end":{"line":50,"column":null}},"17":{"start":{"line":34,"column":20},"end":{"line":37,"column":7}},"18":{"start":{"line":34,"column":61},"end":{"line":37,"column":5}},"19":{"start":{"line":39,"column":4},"end":{"line":44,"column":null}},"20":{"start":{"line":40,"column":6},"end":{"line":43,"column":null}},"21":{"start":{"line":46,"column":4},"end":{"line":46,"column":null}},"22":{"start":{"line":48,"column":4},"end":{"line":48,"column":null}},"23":{"start":{"line":49,"column":4},"end":{"line":49,"column":null}}},"fnMap":{"0":{"name":"handleFieldDragEnd","decl":{"start":{"line":13,"column":22},"end":{"line":13,"column":40}},"loc":{"start":{"line":13,"column":78},"end":{"line":51,"column":null}},"line":13},"1":{"name":"(anonymous_1)","decl":{"start":{"line":18,"column":39},"end":{"line":18,"column":40}},"loc":{"start":{"line":18,"column":46},"end":{"line":18,"column":70}},"line":18},"2":{"name":"(anonymous_2)","decl":{"start":{"line":19,"column":44},"end":{"line":19,"column":45}},"loc":{"start":{"line":19,"column":51},"end":{"line":19,"column":69}},"line":19},"3":{"name":"(anonymous_3)","decl":{"start":{"line":20,"column":44},"end":{"line":20,"column":45}},"loc":{"start":{"line":20,"column":51},"end":{"line":20,"column":67}},"line":20},"4":{"name":"(anonymous_4)","decl":{"start":{"line":28,"column":36},"end":{"line":28,"column":37}},"loc":{"start":{"line":28,"column":43},"end":{"line":28,"column":67}},"line":28},"5":{"name":"(anonymous_5)","decl":{"start":{"line":34,"column":42},"end":{"line":34,"column":43}},"loc":{"start":{"line":34,"column":61},"end":{"line":37,"column":5}},"line":34}},"branchMap":{"0":{"loc":{"start":{"line":16,"column":2},"end":{"line":16,"column":null}},"type":"if","locations":[{"start":{"line":16,"column":2},"end":{"line":16,"column":null}},{"start":{},"end":{}}],"line":16},"1":{"loc":{"start":{"line":16,"column":6},"end":{"line":16,"column":36}},"type":"binary-expr","locations":[{"start":{"line":16,"column":6},"end":{"line":16,"column":11}},{"start":{"line":16,"column":15},"end":{"line":16,"column":36}}],"line":16},"2":{"loc":{"start":{"line":22,"column":2},"end":{"line":22,"column":null}},"type":"if","locations":[{"start":{"line":22,"column":2},"end":{"line":22,"column":null}},{"start":{},"end":{}}],"line":22},"3":{"loc":{"start":{"line":22,"column":6},"end":{"line":22,"column":40}},"type":"binary-expr","locations":[{"start":{"line":22,"column":6},"end":{"line":22,"column":21}},{"start":{"line":22,"column":25},"end":{"line":22,"column":40}}],"line":22}},"s":{"0":4,"1":4,"2":2,"3":2,"4":8,"5":2,"6":4,"7":2,"8":5,"9":2,"10":1,"11":1,"12":1,"13":4,"14":1,"15":1,"16":1,"17":1,"18":3,"19":1,"20":3,"21":1,"22":0,"23":0},"f":{"0":4,"1":8,"2":4,"3":5,"4":4,"5":3},"b":{"0":[2,2],"1":[4,3],"2":[1,1],"3":[2,1]},"meta":{"lastBranch":4,"lastFunction":6,"lastStatement":24,"seen":{"f:13:22:13:40":0,"s:14:27:14:32":0,"b:16:2:16:Infinity:undefined:undefined:undefined:undefined":0,"s:16:2:16:Infinity":1,"b:16:6:16:11:16:15:16:36":1,"s:16:38:16:Infinity":2,"s:18:25:18:71":3,"f:18:39:18:40":1,"s:18:46:18:70":4,"s:19:19:19:70":5,"f:19:44:19:45":2,"s:19:51:19:69":6,"s:20:19:20:68":7,"f:20:44:20:45":3,"s:20:51:20:67":8,"b:22:2:22:Infinity:undefined:undefined:undefined:undefined":2,"s:22:2:22:Infinity":9,"b:22:6:22:21:22:25:22:40":3,"s:22:42:22:Infinity":10,"s:25:27:25:73":11,"s:28:22:28:68":12,"f:28:36:28:37":4,"s:28:43:28:67":13,"s:29:20:29:58":14,"s:30:2:30:Infinity":15,"s:33:2:50:Infinity":16,"s:34:20:37:7":17,"f:34:42:34:43":5,"s:34:61:37:5":18,"s:39:4:44:Infinity":19,"s:40:6:43:Infinity":20,"s:46:4:46:Infinity":21,"s:48:4:48:Infinity":22,"s:49:4:49:Infinity":23}}},"/Users/emilyleblanc/Code/v2/src/lib/roleUtils.js":{"path":"/Users/emilyleblanc/Code/v2/src/lib/roleUtils.js","statementMap":{"0":{"start":{"line":2,"column":33},"end":{"line":22,"column":1}},"1":{"start":{"line":3,"column":2},"end":{"line":21,"column":null}},"2":{"start":{"line":5,"column":4},"end":{"line":7,"column":null}},"3":{"start":{"line":6,"column":6},"end":{"line":6,"column":null}},"4":{"start":{"line":10,"column":4},"end":{"line":12,"column":null}},"5":{"start":{"line":11,"column":6},"end":{"line":11,"column":null}},"6":{"start":{"line":15,"column":4},"end":{"line":17,"column":null}},"7":{"start":{"line":16,"column":6},"end":{"line":16,"column":null}},"8":{"start":{"line":20,"column":4},"end":{"line":20,"column":null}}},"fnMap":{"0":{"name":"(anonymous_0)","decl":{"start":{"line":2,"column":33},"end":{"line":2,"column":34}},"loc":{"start":{"line":2,"column":71},"end":{"line":22,"column":1}},"line":2},"1":{"name":"(anonymous_1)","decl":{"start":{"line":3,"column":22},"end":{"line":3,"column":26}},"loc":{"start":{"line":3,"column":30},"end":{"line":21,"column":3}},"line":3}},"branchMap":{"0":{"loc":{"start":{"line":5,"column":4},"end":{"line":7,"column":null}},"type":"if","locations":[{"start":{"line":5,"column":4},"end":{"line":7,"column":null}},{"start":{},"end":{}}],"line":5},"1":{"loc":{"start":{"line":10,"column":4},"end":{"line":12,"column":null}},"type":"if","locations":[{"start":{"line":10,"column":4},"end":{"line":12,"column":null}},{"start":{},"end":{}}],"line":10},"2":{"loc":{"start":{"line":10,"column":8},"end":{"line":10,"column":38}},"type":"binary-expr","locations":[{"start":{"line":10,"column":8},"end":{"line":10,"column":18}},{"start":{"line":10,"column":22},"end":{"line":10,"column":38}}],"line":10},"3":{"loc":{"start":{"line":15,"column":4},"end":{"line":17,"column":null}},"type":"if","locations":[{"start":{"line":15,"column":4},"end":{"line":17,"column":null}},{"start":{},"end":{}}],"line":15},"4":{"loc":{"start":{"line":15,"column":8},"end":{"line":15,"column":47}},"type":"binary-expr","locations":[{"start":{"line":15,"column":8},"end":{"line":15,"column":18}},{"start":{"line":15,"column":22},"end":{"line":15,"column":47}}],"line":15}},"s":{"0":1,"1":7,"2":21,"3":5,"4":16,"5":6,"6":10,"7":10,"8":0},"f":{"0":7,"1":21},"b":{"0":[5,16],"1":[6,10],"2":[16,16],"3":[10,0],"4":[10,10]},"meta":{"lastBranch":5,"lastFunction":2,"lastStatement":9,"seen":{"s:2:33:22:1":0,"f:2:33:2:34":0,"s:3:2:21:Infinity":1,"f:3:22:3:26":1,"b:5:4:7:Infinity:undefined:undefined:undefined:undefined":0,"s:5:4:7:Infinity":2,"s:6:6:6:Infinity":3,"b:10:4:12:Infinity:undefined:undefined:undefined:undefined":1,"s:10:4:12:Infinity":4,"b:10:8:10:18:10:22:10:38":2,"s:11:6:11:Infinity":5,"b:15:4:17:Infinity:undefined:undefined:undefined:undefined":3,"s:15:4:17:Infinity":6,"b:15:8:15:18:15:22:15:47":4,"s:16:6:16:Infinity":7,"s:20:4:20:Infinity":8}}},"/Users/emilyleblanc/Code/v2/src/lib/fieldValueUtils.js":{"path":"/Users/emilyleblanc/Code/v2/src/lib/fieldValueUtils.js","statementMap":{"0":{"start":{"line":11,"column":2},"end":{"line":11,"column":null}},"1":{"start":{"line":11,"column":14},"end":{"line":11,"column":null}},"2":{"start":{"line":12,"column":2},"end":{"line":15,"column":null}},"3":{"start":{"line":13,"column":21},"end":{"line":13,"column":82}},"4":{"start":{"line":14,"column":4},"end":{"line":14,"column":null}},"5":{"start":{"line":16,"column":2},"end":{"line":16,"column":null}},"6":{"start":{"line":16,"column":28},"end":{"line":16,"column":null}},"7":{"start":{"line":17,"column":2},"end":{"line":20,"column":null}},"8":{"start":{"line":18,"column":4},"end":{"line":18,"column":null}},"9":{"start":{"line":18,"column":25},"end":{"line":18,"column":null}},"10":{"start":{"line":18,"column":59},"end":{"line":18,"column":74}},"11":{"start":{"line":19,"column":4},"end":{"line":19,"column":null}},"12":{"start":{"line":21,"column":2},"end":{"line":21,"column":null}},"13":{"start":{"line":32,"column":18},"end":{"line":32,"column":20}},"14":{"start":{"line":33,"column":26},"end":{"line":33,"column":58}},"15":{"start":{"line":35,"column":2},"end":{"line":47,"column":null}},"16":{"start":{"line":36,"column":25},"end":{"line":36,"column":69}},"17":{"start":{"line":36,"column":45},"end":{"line":36,"column":68}},"18":{"start":{"line":37,"column":4},"end":{"line":37,"column":null}},"19":{"start":{"line":37,"column":23},"end":{"line":37,"column":null}},"20":{"start":{"line":39,"column":18},"end":{"line":39,"column":45}},"21":{"start":{"line":40,"column":4},"end":{"line":46,"column":null}},"22":{"start":{"line":41,"column":6},"end":{"line":45,"column":null}},"23":{"start":{"line":49,"column":2},"end":{"line":49,"column":null}},"24":{"start":{"line":60,"column":18},"end":{"line":60,"column":20}},"25":{"start":{"line":61,"column":25},"end":{"line":61,"column":64}},"26":{"start":{"line":61,"column":44},"end":{"line":61,"column":63}},"27":{"start":{"line":63,"column":2},"end":{"line":78,"column":null}},"28":{"start":{"line":64,"column":18},"end":{"line":64,"column":39}},"29":{"start":{"line":66,"column":6},"end":{"line":69,"column":93}},"30":{"start":{"line":71,"column":4},"end":{"line":77,"column":null}},"31":{"start":{"line":72,"column":6},"end":{"line":76,"column":null}},"32":{"start":{"line":80,"column":2},"end":{"line":80,"column":null}}},"fnMap":{"0":{"name":"isEmptyValue","decl":{"start":{"line":10,"column":16},"end":{"line":10,"column":28}},"loc":{"start":{"line":10,"column":36},"end":{"line":22,"column":null}},"line":10},"1":{"name":"(anonymous_1)","decl":{"start":{"line":18,"column":54},"end":{"line":18,"column":55}},"loc":{"start":{"line":18,"column":59},"end":{"line":18,"column":74}},"line":18},"2":{"name":"validateContextFieldsForField","decl":{"start":{"line":31,"column":16},"end":{"line":31,"column":45}},"loc":{"start":{"line":31,"column":77},"end":{"line":50,"column":null}},"line":31},"3":{"name":"(anonymous_3)","decl":{"start":{"line":36,"column":40},"end":{"line":36,"column":41}},"loc":{"start":{"line":36,"column":45},"end":{"line":36,"column":68}},"line":36},"4":{"name":"getMissingRequiredFields","decl":{"start":{"line":59,"column":16},"end":{"line":59,"column":40}},"loc":{"start":{"line":59,"column":62},"end":{"line":81,"column":null}},"line":59},"5":{"name":"(anonymous_5)","decl":{"start":{"line":61,"column":39},"end":{"line":61,"column":40}},"loc":{"start":{"line":61,"column":44},"end":{"line":61,"column":63}},"line":61}},"branchMap":{"0":{"loc":{"start":{"line":11,"column":2},"end":{"line":11,"column":null}},"type":"if","locations":[{"start":{"line":11,"column":2},"end":{"line":11,"column":null}},{"start":{},"end":{}}],"line":11},"1":{"loc":{"start":{"line":12,"column":2},"end":{"line":15,"column":null}},"type":"if","locations":[{"start":{"line":12,"column":2},"end":{"line":15,"column":null}},{"start":{},"end":{}}],"line":12},"2":{"loc":{"start":{"line":16,"column":2},"end":{"line":16,"column":null}},"type":"if","locations":[{"start":{"line":16,"column":2},"end":{"line":16,"column":null}},{"start":{},"end":{}}],"line":16},"3":{"loc":{"start":{"line":17,"column":2},"end":{"line":20,"column":null}},"type":"if","locations":[{"start":{"line":17,"column":2},"end":{"line":20,"column":null}},{"start":{},"end":{}}],"line":17},"4":{"loc":{"start":{"line":18,"column":4},"end":{"line":18,"column":null}},"type":"if","locations":[{"start":{"line":18,"column":4},"end":{"line":18,"column":null}},{"start":{},"end":{}}],"line":18},"5":{"loc":{"start":{"line":33,"column":26},"end":{"line":33,"column":58}},"type":"binary-expr","locations":[{"start":{"line":33,"column":26},"end":{"line":33,"column":52}},{"start":{"line":33,"column":56},"end":{"line":33,"column":58}}],"line":33},"6":{"loc":{"start":{"line":37,"column":4},"end":{"line":37,"column":null}},"type":"if","locations":[{"start":{"line":37,"column":4},"end":{"line":37,"column":null}},{"start":{},"end":{}}],"line":37},"7":{"loc":{"start":{"line":40,"column":4},"end":{"line":46,"column":null}},"type":"if","locations":[{"start":{"line":40,"column":4},"end":{"line":46,"column":null}},{"start":{},"end":{}}],"line":40},"8":{"loc":{"start":{"line":44,"column":17},"end":{"line":44,"column":78}},"type":"cond-expr","locations":[{"start":{"line":44,"column":56},"end":{"line":44,"column":66}},{"start":{"line":44,"column":69},"end":{"line":44,"column":78}}],"line":44},"9":{"loc":{"start":{"line":66,"column":6},"end":{"line":69,"column":93}},"type":"binary-expr","locations":[{"start":{"line":66,"column":6},"end":{"line":66,"column":12}},{"start":{"line":67,"column":7},"end":{"line":67,"column":32}},{"start":{"line":67,"column":36},"end":{"line":67,"column":55}},{"start":{"line":68,"column":7},"end":{"line":68,"column":27}},{"start":{"line":68,"column":31},"end":{"line":68,"column":49}},{"start":{"line":69,"column":7},"end":{"line":69,"column":32}},{"start":{"line":69,"column":36},"end":{"line":69,"column":57}},{"start":{"line":69,"column":61},"end":{"line":69,"column":92}}],"line":66},"10":{"loc":{"start":{"line":71,"column":4},"end":{"line":77,"column":null}},"type":"if","locations":[{"start":{"line":71,"column":4},"end":{"line":77,"column":null}},{"start":{},"end":{}}],"line":71},"11":{"loc":{"start":{"line":75,"column":17},"end":{"line":75,"column":71}},"type":"cond-expr","locations":[{"start":{"line":75,"column":49},"end":{"line":75,"column":59}},{"start":{"line":75,"column":62},"end":{"line":75,"column":71}}],"line":75}},"s":{"0":36,"1":15,"2":21,"3":15,"4":15,"5":6,"6":2,"7":4,"8":4,"9":2,"10":5,"11":2,"12":0,"13":8,"14":8,"15":8,"16":10,"17":18,"18":10,"19":1,"20":9,"21":9,"22":6,"23":8,"24":10,"25":10,"26":40,"27":10,"28":30,"29":30,"30":30,"31":9,"32":10},"f":{"0":36,"1":5,"2":8,"3":18,"4":10,"5":40},"b":{"0":[15,21],"1":[15,6],"2":[2,4],"3":[4,0],"4":[2,2],"5":[8,1],"6":[1,9],"7":[6,3],"8":[4,2],"9":[30,24,21,23,2,22,2,1],"10":[9,21],"11":[8,1]},"meta":{"lastBranch":12,"lastFunction":6,"lastStatement":33,"seen":{"f:10:16:10:28":0,"b:11:2:11:Infinity:undefined:undefined:undefined:undefined":0,"s:11:2:11:Infinity":0,"s:11:14:11:Infinity":1,"b:12:2:15:Infinity:undefined:undefined:undefined:undefined":1,"s:12:2:15:Infinity":2,"s:13:21:13:82":3,"s:14:4:14:Infinity":4,"b:16:2:16:Infinity:undefined:undefined:undefined:undefined":2,"s:16:2:16:Infinity":5,"s:16:28:16:Infinity":6,"b:17:2:20:Infinity:undefined:undefined:undefined:undefined":3,"s:17:2:20:Infinity":7,"b:18:4:18:Infinity:undefined:undefined:undefined:undefined":4,"s:18:4:18:Infinity":8,"s:18:25:18:Infinity":9,"f:18:54:18:55":1,"s:18:59:18:74":10,"s:19:4:19:Infinity":11,"s:21:2:21:Infinity":12,"f:31:16:31:45":2,"s:32:18:32:20":13,"s:33:26:33:58":14,"b:33:26:33:52:33:56:33:58":5,"s:35:2:47:Infinity":15,"s:36:25:36:69":16,"f:36:40:36:41":3,"s:36:45:36:68":17,"b:37:4:37:Infinity:undefined:undefined:undefined:undefined":6,"s:37:4:37:Infinity":18,"s:37:23:37:Infinity":19,"s:39:18:39:45":20,"b:40:4:46:Infinity:undefined:undefined:undefined:undefined":7,"s:40:4:46:Infinity":21,"s:41:6:45:Infinity":22,"b:44:56:44:66:44:69:44:78":8,"s:49:2:49:Infinity":23,"f:59:16:59:40":4,"s:60:18:60:20":24,"s:61:25:61:64":25,"f:61:39:61:40":5,"s:61:44:61:63":26,"s:63:2:78:Infinity":27,"s:64:18:64:39":28,"s:66:6:69:93":29,"b:66:6:66:12:67:7:67:32:67:36:67:55:68:7:68:27:68:31:68:49:69:7:69:32:69:36:69:57:69:61:69:92":9,"b:71:4:77:Infinity:undefined:undefined:undefined:undefined":10,"s:71:4:77:Infinity":30,"s:72
[...]
13":[7,7],"114":[0],"115":[0,61],"116":[29,32],"117":[17,15],"118":[8,7],"119":[4,3],"120":[1,2],"121":[4],"122":[2,2],"123":[1,1],"124":[0,1],"125":[1,0],"126":[4,0],"127":[4],"128":[6,6],"129":[6,0],"130":[6,1],"131":[4],"132":[4,1],"133":[8,0],"134":[4,1],"135":[4,4],"136":[3,3],"137":[3,0],"138":[0,3],"139":[0,0]},"meta":{"lastBranch":140,"lastFunction":69,"lastStatement":436,"seen":{"s:5:26:5:30":0,"f:10:15:10:27":0,"b:11:2:13:Infinity:undefined:undefined:undefined:undefined":0,"s:11:2:13:Infinity":1,"s:12:4:12:Infinity":2,"s:15:2:63:Infinity":3,"s:16:21:16:108":4,"s:17:17:17:38":5,"s:19:18:19:34":6,"s:20:17:20:19":7,"s:23:4:56:Infinity":8,"s:23:17:23:18":9,"s:24:19:24:27":10,"b:25:6:25:Infinity:undefined:undefined:undefined:undefined":1,"s:25:6:25:Infinity":11,"s:25:24:25:Infinity":12,"s:27:21:27:23":13,"s:28:20:28:22":14,"s:29:21:29:26":15,"s:31:6:40:Infinity":16,"b:32:8:39:Infinity:34:15:39:Infinity":2,"s:32:8:39:Infinity":17,"s:33:10:33:Infinity":18,"b:34:15:39:Infinity:37:15:39:Infinity":3,"s:34:15:39:Infinity":19,"b:34:19:34:31:34:35:34:44":4,"s:35:10:35:Infinity":20,"s:36:10:36:Infinity":21,"s:38:10:38:Infinity":22,"s:41:6:41:Infinity":23,"s:44:26:44:75":24,"f:44:37:44:38":1,"s:44:42:44:74":25,"b:47:6:55:Infinity:undefined:undefined:undefined:undefined":5,"s:47:6:55:Infinity":26,"s:48:8:54:Infinity":27,"s:58:4:58:Infinity":28,"s:59:4:59:Infinity":29,"s:61:4:61:Infinity":30,"s:62:4:62:Infinity":31,"f:71:9:71:21":2,"s:79:19:79:41":32,"b:80:2:80:Infinity:undefined:undefined:undefined:undefined":6,"s:80:2:80:Infinity":33,"s:80:16:80:Infinity":34,"s:83:20:83:52":35,"b:84:2:84:Infinity:undefined:undefined:undefined:undefined":7,"s:84:2:84:Infinity":36,"s:84:17:84:Infinity":37,"s:88:20:88:54":38,"b:89:2:92:Infinity:undefined:undefined:undefined:undefined":8,"s:89:2:92:Infinity":39,"s:90:25:90:47":40,"s:91:4:91:28":41,"s:94:2:94:Infinity":42,"f:102:16:102:36":3,"b:103:2:103:Infinity:undefined:undefined:undefined:undefined":9,"s:103:2:103:Infinity":43,"s:103:19:103:Infinity":44,"s:106:21:106:55":45,"b:107:2:110:Infinity:undefined:undefined:undefined:undefined":10,"s:107:2:110:Infinity":46,"s:109:4:109:Infinity":47,"s:113:22:113:49":48,"b:114:2:116:Infinity:undefined:undefined:undefined:undefined":11,"s:114:2:116:Infinity":49,"s:115:4:115:Infinity":50,"s:118:2:118:Infinity":51,"f:126:16:126:37":4,"b:127:2:127:Infinity:undefined:undefined:undefined:undefined":12,"s:127:2:127:Infinity":52,"s:127:19:127:Infinity":53,"s:130:21:130:55":54,"b:131:2:139:Infinity:undefined:undefined:undefined:undefined":13,"s:131:2:139:Infinity":55,"s:132:18:132:41":56,"s:133:16:133:39":57,"s:134:19:134:21":58,"s:135:4:137:Infinity":59,"s:135:17:135:22":60,"s:136:6:136:Infinity":61,"s:138:4:138:Infinity":62,"s:142:22:142:49":63,"b:143:2:145:Infinity:undefined:undefined:undefined:undefined":14,"s:143:2:145:Infinity":64,"s:144:4:144:Infinity":65,"s:147:2:147:Infinity":66,"f:155:22:155:56":5,"b:157:2:164:Infinity:undefined:undefined:undefined:undefined":15,"s:157:2:164:Infinity":67,"s:158:21:158:30":68,"s:159:4:162:Infinity":69,"s:160:20:160:63":70,"s:161:6:161:Infinity":71,"f:161:20:161:21":6,"s:161:25:161:40":72,"s:163:4:163:Infinity":73,"f:163:30:163:31":7,"s:163:40:163:58":74,"b:166:2:166:Infinity:undefined:undefined:undefined:undefined":16,"s:166:2:166:Infinity":75,"b:166:6:166:25:166:29:166:53":17,"s:166:55:166:Infinity":76,"s:168:23:168:58":77,"b:169:2:169:Infinity:undefined:undefined:undefined:undefined":18,"s:169:2:169:Infinity":78,"s:169:34:169:Infinity":79,"s:171:15:171:35":80,"s:172:18:174:3":81,"f:173:13:173:16":8,"s:173:20:173:32":82,"s:176:19:176:29":83,"s:177:21:177:23":84,"s:178:2:183:Infinity":85,"f:178:19:178:24":9,"s:179:18:179:53":86,"s:180:18:180:51":87,"b:181:4:181:Infinity:undefined:undefined:undefined:undefined":19,"s:181:4:181:Infinity":88,"s:181:28:181:Infinity":89,"b:182:4:182:Infinity:undefined:undefined:undefined:undefined":20,"s:182:4:182:Infinity":90,"s:182:28:182:Infinity":91,"b:185:2:187:Infinity:undefined:undefined:undefined:undefined":21,"s:185:2:187:Infinity":92,"s:186:4:186:Infinity":93,"s:189:23:189:25":94,"s:190:2:209:Infinity":95,"s:191:16:191:63":96,"b:192:4:199:Infinity:undefined:undefined:undefined:undefined":22,"s:192:4:199:Infinity":97,"s:193:20:193:42":98,"s:194:18:194:40":99,"b:195:6:197:Infinity:undefined:undefined:undefined:undefined":23,"s:195:6:197:Infinity":100,"b:195:10:195:30:195:34:195:52":24,"s:196:8:196:Infinity":101,"s:198:6:198:Infinity":102,"s:201:4:201:Infinity":103,"b:202:4:208:Infinity:undefined:undefined:undefined:undefined":25,"s:202:4:208:Infinity":104,"s:203:20:203:42":105,"s:204:18:204:40":106,"b:205:6:207:Infinity:undefined:undefined:undefined:undefined":26,"s:205:6:207:Infinity":107,"b:205:10:205:30:205:34:205:52":27,"s:206:8:206:Infinity":108,"b:211:2:211:Infinity:undefined:undefined:undefined:undefined":28,"s:211:2:211:Infinity":109,"s:211:33:211:Infinity":110,"s:213:20:213:106":111,"f:213:40:213:45":10,"s:213:49:213:105":112,"b:213:49:213:76:213:80:213:105":29,"s:214:21:214:68":113,"b:214:44:214:53:214:56:214:68":30,"s:217:27:217:37":114,"b:218:2:230:Infinity:undefined:undefined:undefined:undefined":31,"s:218:2:230:Infinity":115,"s:219:23:219:31":116,"s:220:4:225:Infinity":117,"s:221:23:221:105":118,"b:222:6:224:Infinity:undefined:undefined:undefined:undefined":32,"s:222:6:224:Infinity":119,"s:223:8:223:Infinity":120,"s:226:4:229:Infinity":121,"f:226:43:226:48":11,"s:227:23:227:105":122,"s:228:6:228:Infinity":123,"s:232:16:232:34":124,"s:233:2:242:Infinity":125,"f:234:9:234:14":12,"s:234:18:234:28":126,"f:235:10:235:11":13,"s:236:21:236:44":127,"s:237:21:237:44":128,"s:238:21:238:51":129,"b:238:30:238:46:238:49:238:51":33,"s:239:21:239:51":130,"b:239:30:239:46:239:49:239:51":34,"b:240:6:240:Infinity:undefined:undefined:undefined:undefined":35,"s:240:6:240:Infinity":131,"s:240:29:240:Infinity":132,"s:241:6:241:Infinity":133,"f:251:22:251:58":14,"b:253:2:260:Infinity:undefined:undefined:undefined:undefined":36,"s:253:2:260:Infinity":134,"s:254:21:254:30":135,"s:255:4:258:Infinity":136,"s:256:20:256:76":137,"s:257:6:257:Infinity":138,"f:257:20:257:21":15,"s:257:25:257:40":139,"s:259:4:259:Infinity":140,"f:259:30:259:31":16,"s:259:40:259:58":141,"b:262:2:262:Infinity:undefined:undefined:undefined:undefined":37,"s:262:2:262:Infinity":142,"b:262:6:262:16:262:20:262:54":38,"s:262:56:262:Infinity":143,"b:263:2:263:Infinity:undefined:undefined:undefined:undefined":39,"s:263:2:263:Infinity":144,"b:263:6:263:25:263:29:263:53":40,"s:263:55:263:Infinity":145,"s:265:23:265:58":146,"b:266:2:266:Infinity:undefined:undefined:undefined:undefined":41,"s:266:2:266:Infinity":147,"s:266:34:266:Infinity":148,"s:268:15:268:35":149,"s:269:30:269:53":150,"s:271:19:271:29":151,"s:272:25:272:27":152,"s:273:2:276:Infinity":153,"f:273:19:273:24":17,"s:274:4:274:Infinity":154,"s:275:4:275:Infinity":155,"s:278:21:280:3":156,"f:278:33:278:36":18,"s:279:4:279:Infinity":157,"b:279:4:279:41:279:45:279:Infinity":42,"b:282:2:315:Infinity:undefined:undefined:undefined:undefined":43,"s:282:2:315:Infinity":158,"s:283:25:283:27":159,"s:284:4:295:Infinity":160,"b:285:6:285:Infinity:undefined:undefined:undefined:undefined":44,"s:285:6:285:Infinity":161,"s:285:55:285:Infinity":162,"s:286:18:286:71":163,"b:287:6:289:Infinity:undefined:undefined:undefined:undefined":45,"s:287:6:289:Infinity":164,"s:288:8:288:Infinity":165,"b:290:6:290:Infinity:undefined:undefined:undefined:undefined":46,"s:290:6:290:Infinity":166,"s:290:18:290:Infinity":167,"s:291:20:291:42":168,"s:292:18:292:40":169,"b:293:6:293:Infinity:undefined:undefined:undefined:undefined":47,"s:293:6:293:Infinity":170,"b:293:10:293:29:293:33:293:50":48,"s:293:52:293:Infinity":171,"s:294:6:294:Infinity":172,"s:297:22:297:108":173,"f:297:42:297:47":19,"s:297:51:297:107":174,"b:297:51:297:78:297:82:297:107":49,"s:298:23:298:70":175,"b:298:46:298:55:298:58:298:70":50,"b:300:4:314:Infinity:undefined:undefined:undefined:undefined":51,"s:300:4:314:Infinity":176,"s:301:21:301:31":177,"b:302:6:312:Infinity:undefined:undefined:undefined:undefined":52,"s:302:6:312:Infinity":178,"s:303:27:303:35":179,"s:304:8:307:Infinity":180,"s:305:27:305:109":181,"b:306:10:306:Infinity:undefined:undefined:undefined:undefined":53,"s:306:10:306:Infinity":182,"s:306:39:306:Infinity":183,"s:308:8:311:Infinity":184,"f:308:37:308:42":20,"s:309:27:309:109":185,"s:310:10:310:Infinity":186,"s:313:6:313:Infinity":187,"f:313:34:313:39":21,"s:313:43:313:52":188,"s:317:14:319:20":189,"f:318:9:318:12":22,"s:318:16:318:30":190,"s:323:2:332:Infinity":191,"f:323:23:323:27":23,"s:324:23:324:69":192,"b:325:4:325:33:undefined:undefined:undefined:undefined":54,"s:325:4:325:33":193,"s:325:21:325:33":194,"s:327:27:327:54":195,"s:328:25:328:85":196,"b:328:41:328:68:328:71:328:85":55,"s:331:4:331:Infinity":197,"b:331:11:331:41:331:45:331:73":56,"s:334:2:334:Infinity":198,"f:334:34:334:35":24,"s:334:44:334:62":199,"f:343:22:343:54":25,"b:345:2:352:Infinity:undefined:undefined:undefined:undefined":57,"s:345:2:352:Infinity":200,"s:346:21:346:30":201,"s:347:4:350:Infinity":202,"s:348:20:348:61":203,"s:349:6:349:Infinity":204,"f:349:20:349:21":26,"s:349:25:349:40":205,"s:351:4:351:Infinity":206,"f:351:30:351:31":27,"s:351:40:351:58":207,"b:354:2:354:Infinity:undefined:undefined:undefined:undefined":58,"s:354:2:354:Infinity":208,"b:354:6:354:25:354:29:354:53":59,"s:354:55:354:Infinity":209,"s:356:23:356:58":210,"b:357:2:357:Infinity:undefined:undefined:undefined:undefined":60,"s:357:2:357:Infinity":211,"s:357:34:357:Infinity":212,"s:359:15:359:35":213,"s:360:18:362:3":214,"f:361:13:361:16":28,"s:361:20:361:32":215,"s:365:20:365:47":216,"b:366:2:368:Infinity:undefined:undefined:undefined:undefined":61,"s:366:2:368:Infinity":217,"s:367:4:367:Infinity":218,"s:371:23:371:25":219,"s:372:2:381:Infinity":220,"s:373:18:373:59":221,"b:374:4:380:Infinity:undefined:undefined:undefined:undefined":62,"s:374:4:380:Infinity":222,"s:375:20:375:42":223,"s:376:18:376:40":224,"b:377:6:379:Infinity:undefined:undefined:undefined:undefined":63,"s:377:6:379:Infinity":225,"b:377:10:377:30:377:34:377:52":64,"s:378:8:378:Infinity":226,"b:383:2:383:Infinity:undefined:undefined:undefined:undefined":65,"s:383:2:383:Infinity":227,"s:383:33:383:Infinity":228,"s:385:20:385:106":229,"f:385:40:385:45":29,"s:385:49:385:105":230,"b:385:49:385:76:385:80:385:105":66,"s:386:21:386:68":231,"b:386:44:386:53:386:56:386:68":67,"s:389:27:389:37":232,"b:390:2:402:Infinity:undefined:undefined:undefined:undefined":68,"s:390:2:402:Infinity":233,"s:391:23:391:31":234,"s:392:4:397:Infinity":235,"s:393:23:393:105":236,"b:394:6:396:Infinity:undefined:undefined:undefined:undefined":69,"s:394:6:396:Infinity":237,"s:395:8:395:Infinity":238,"s:398:4:401:Infinity":239,"f:398:43:398:48":30,"s:399:23:399:105":240,"s:400:6:400:Infinity":241,"s:404:2:406:Infinity":242,"f:405:9:405:14":31,"s:405:18:405:28":243,"f:406:10:406:11":32,"s:406:20:406:38":244,"f:415:22:415:56":33,"b:417:2:424:Infinity:undefined:undefined:undefined:undefined":70,"s:417:2:424:Infinity":245,"s:418:21:418:30":246,"s:419:4:422:Infinity":247,"s:420:20:420:74":248,"s:421:6:421:Infinity":249,"f:421:20:421:21":34,"s:421:25:421:40":250,"s:423:4:423:Infinity":251,"f:423:30:423:31":35,"s:423:40:423:58":252,"b:426:2:426:Infinity:undefined:undefined:undefined:undefined":71,"s:426:2:426:Infinity":253,"b:426:6:426:16:426:20:426:54":72,"s:426:56:426:Infinity":254,"b:427:2:427:Infinity:undefined:undefined:undefined:undefined":73,"s:427:2:427:Infinity":255,"b:427:6:427:25:427:29:427:53":74,"s:427:55:427:Infinity":256,"s:429:23:429:58":257,"b:430:2:430:Infinity:undefined:undefined:undefined:undefined":75,"s:430:2:430:Infinity":258,"s:430:34:430:Infinity":259,"s:432:15:432:35":260,"s:433:30:433:53":261,"s:436:24:436:51":262,"s:438:21:440:3":263,"f:438:33:438:36":36,"s:439:4:439:Infinity":264,"b:439:4:439:34:439:38:439:Infinity":76,"b:442:2:473:Infinity:undefined:undefined:undefined:undefined":77,"s:442:2:473:Infinity":265,"s:444:25:444:27":266,"s:445:4:453:Infinity":267,"b:446:6:446:Infinity:undefined:undefined:undefined:undefined":78,"s:446:6:446:Infinity":268,"s:446:55:446:Infinity":269,"s:447:20:447:70":270,"b:448:6:448:Infinity:undefined:undefined:undefined:undefined":79,"s:448:6:448:Infinity":271,"s:448:18:448:Infinity":272,"s:449:20:449:42":273,"s:450:18:450:40":274,"b:451:6:451:Infinity:undefined:undefined:undefined:undefined":80,"s:451:6:451:Infinity":275,"b:451:10:451:29:451:33:451:50":81,"s:451:52:451:Infinity":276,"s:452:6:452:Infinity":277,"s:455:22:455:108":278,"f:455:42:455:47":37,"s:455:51:455:107":279,"b:455:51:455:78:455:82:455:107":82,"s:456:23:456:70":280,"b:456:46:456:55:456:58:456:70":83,"b:458:4:472:Infinity:undefined:undefined:undefined:undefined":84,"s:458:4:472:Infinity":281,"s:459:21:459:31":282,"b:460:6:470:Infinity:undefined:undefined:undefined:undefined":85,"s:460:6:470:Infinity":283,"s:461:27:461:35":284,"s:462:8:465:Infinity":285,"s:463:27:463:109":286,"b:464:10:464:Infinity:undefined:undefined:undefined:undefined":86,"s:464:10:464:Infinity":287,"s:464:39:464:Infinity":288,"s:466:8:469:Infinity":289,"f:466:37:466:42":38,"s:467:27:467:109":290,"s:468:10:468:Infinity":291,"s:471:6:471:Infinity":292,"f:471:34:471:39":39,"s:471:43:471:52":293,"s:475:14:477:20":294,"f:476:9:476:12":40,"s:476:16:476:30":295,"s:481:2:490:Infinity":296,"f:481:23:481:27":41,"s:482:23:482:69":297,"b:483:4:483:33:undefined:undefined:undefined:undefined":87,"s:483:4:483:33":298,"s:483:21:483:33":299,"s:485:27:485:54":300,"s:486:25:486:85":301,"b:486:41:486:68:486:71:486:85":88,"s:489:4:489:Infinity":302,"b:489:11:489:41:489:45:489:73":89,"s:492:2:492:Infinity":303,"f:492:34:492:35":42,"s:492:44:492:62":304,"f:501:15:501:33":43,"b:501:57:501:61":90,"s:502:15:502:35":305,"s:505:22:505:73":306,"b:505:35:505:66:505:69:505:73":91,"s:508:17:514:3":307,"s:517:23:517:68":308,"f:517:35:517:38":44,"s:517:42:517:67":309,"s:520:2:543:Infinity":310,"s:521:22:521:41":311,"s:522:17:522:31":312,"b:524:4:542:Infinity:undefined:undefined:undefined:undefined":92,"s:524:4:542:Infinity":313,"b:524:8:524:17:524:21:524:25":93,"b:526:6:531:Infinity:undefined:undefined:undefined:undefined":94,"s:526:6:531:Infinity":314,"s:527:26:527:44":315,"b:528:8:530:Infinity:undefined:undefined:undefined:undefined":95,"s:528:8:530:Infinity":316,"b:528:12:528:21:528:25:528:50":96,"s:529:10:529:19":317,"b:533:6:541:Infinity:535:13:541:Infinity":97,"s:533:6:541:Infinity":318,"b:533:10:533:30:533:34:533:61":98,"s:534:8:534:Infinity":319,"b:535:13:541:Infinity:537:13:541:Infinity":99,"s:535:13:541:Infinity":320,"b:535:17:535:37:535:41:535:68":100,"s:536:8:536:Infinity":321,"b:537:13:541:Infinity:539:13:541:Infinity":101,"s:537:13:541:Infinity":322,"b:537:17:537:38:537:42:537:70":102,"s:538:8:538:Infinity":323,"b:539:13:541:Infinity:undefined:undefined:undefined:undefined":103,"s:539:13:541:Infinity":324,"b:539:17:539:36:539:40:539:66":104,"s:540:8:540:Infinity":325,"s:545:2:545:Infinity":326,"f:553:9:553:30":45,"s:554:16:554:18":327,"s:557:16:557:56":328,"s:559:2:563:Infinity":329,"b:560:4:562:Infinity:undefined:undefined:undefined:undefined":105,"s:560:4:562:Infinity":330,"b:560:8:560:34:560:38:560:75":106,"s:561:6:561:Infinity":331,"s:565:2:565:Infinity":332,"f:574:16:574:37":46,"b:575:2:575:Infinity:undefined:undefined:undefined:undefined":107,"s:575:2:575:Infinity":333,"s:575:25:575:Infinity":334,"b:576:2:576:Infinity:undefined:undefined:undefined:undefined":108,"s:576:2:576:Infinity":335,"s:576:24:576:Infinity":336,"s:578:16:578:56":337,"s:579:26:579:59":338,"s:580:22:580:52":339,"s:583:28:583:88":340,"f:583:59:583:60":47,"s:583:64:583:72":341,"f:583:81:583:82":48,"s:583:86:583:87":342,"b:586:2:588:Infinity:undefined:undefined:undefined:undefined":109,"s:586:2:588:Infinity":343,"s:587:4:587:Infinity":344,"s:591:18:591:70":345,"s:593:2:598:Infinity":346,"s:594:15:594:35":347,"b:595:4:597:Infinity:undefined:undefined:undefined:undefined":110,"s:595:4:597:Infinity":348,"b:595:8:595:10:595:14:595:25":111,"s:596:6:596:Infinity":349,"b:601:2:603:Infinity:undefined:undefined:undefined:undefined":112,"s:601:2:603:Infinity":350,"b:601:6:601:21:601:25:601:49":113,"s:602:4:602:Infinity":351,"s:606:17:606:19":352,"s:607:2:609:Infinity":353,"s:608:4:608:Infinity":354,"s:611:2:611:Infinity":355,"f:620:15:620:42":49,"b:620:66:620:70":114,"s:621:17:621:63":356,"s:622:2:622:Infinity":357,"f:630:9:630:24":50,"b:631:2:631:Infinity:undefined:undefined:undefined:undefined":115,"s:631:2:631:Infinity":358,"s:631:13:631:Infinity":359,"b:633:2:633:Infinity:undefined:undefined:undefined:undefined":116,"s:633:2:633:Infinity":360,"s:633:32:633:Infinity":361,"b:634:2:634:Infinity:undefined:undefined:undefined:undefined":117,"s:634:2:634:Infinity":362,"s:634:32:634:Infinity":363,"b:635:2:635:Infinity:undefined:undefined:undefined:undefined":118,"s:635:2:635:Infinity":364,"s:635:32:635:Infinity":365,"b:636:2:636:Infinity:undefined:undefined:undefined:undefined":119,"s:636:2:636:Infinity":366,"s:636:33:636:Infinity":367,"b:638:2:638:Infinity:undefined:undefined:undefined:undefined":120,"s:638:2:638:Infinity":368,"s:638:27:638:Infinity":369,"s:640:2:640:Infinity":370,"f:648:15:648:36":51,"s:649:15:649:35":371,"s:652:23:652:74":372,"f:652:35:652:38":52,"s:652:42:652:73":373,"s:655:20:655:71":374,"f:655:49:655:52":53,"s:655:56:655:68":375,"s:657:2:657:Infinity":376,"f:667:15:667:40":54,"b:667:68:667:72":121,"s:668:20:668:49":377,"s:671:17:677:3":378,"b:680:2:682:Infinity:undefined:undefined:undefined:undefined":122,"s:680:2:682:Infinity":379,"s:681:4:681:Infinity":380,"s:685:20:685:61":381,"b:687:2:693:Infinity:undefined:undefined:undefined:undefined":123,"s:687:2:693:Infinity":382,"b:689:4:691:Infinity:undefined:undefined:undefined:undefined":124,"s:689:4:691:Infinity":383,"b:689:8:689:17:689:21:689:38":125,"s:690:6:690:Infinity":384,"s:692:4:692:Infinity":385,"s:696:2:707:Infinity":386,"s:697:21:697:67":387,"s:700:4:706:Infinity":388,"s:701:6:705:Infinity":389,"b:702:8:704:Infinity:undefined:undefined:undefined:undefined":126,"s:702:8:704:Infinity":390,"s:703:10:703:Infinity":391,"s:709:2:709:Infinity":392,"f:718:15:718:49":55,"b:718:77:718:81":127,"s:719:17:719:74":393,"s:720:2:720:Infinity":394,"f:728:15:728:35":56,"s:729:15:729:35":395,"s:730:20:730:49":396,"b:732:2:740:Infinity:736:9:740:Infinity":128,"s:732:2:740:Infinity":397,"s:734:16:734:59":398,"f:734:26:734:27":57,"s:734:31:734:58":399,"s:735:4:735:Infinity":400,"b:735:11:735:29:735:33:735:37":129,"s:738:16:738:61":401,"f:738:26:738:27":58,"s:738:31:738:60":402,"s:739:4:739:Infinity":403,"b:739:11:739:31:739:35:739:39":130,"f:749:22:749:50":59,"b:749:78:749:82":131,"s:750:26:750:92":404,"s:751:20:751:60":405,"s:753:2:759:Infinity":406,"b:757:17:757:26:757:30:757:Infinity":132,"f:772:22:772:50":60,"s:774:34:783:3":407,"f:775:27:775:32":61,"s:776:24:776:56":408,"s:777:6:781:Infinity":409,"b:779:19:779:28:779:32:779:60":133,"s:786:17:805:89":410,"b:789:2:789:13:789:17:789:48":134,"f:795:30:795:31":62,"s:795:35:795:64":411,"s:807:2:845:Infinity":412,"s:808:21:808:57":413,"s:811:26:814:64":414,"f:813:11:813:15":63,"s:813:19:813:30":415,"f:814:14:814:18":64,"s:814:22:814:63":416,"b:814:22:814:26:814:30:814:63":135,"s:817:30:817:92":417,"f:817:61:817:65":65,"s:817:69:817:90":418,"s:818:30:818:87":419,"f:818:56:818:60":66,"s:818:64:818:85":420,"s:821:4:828:Infinity":421,"b:822:6:827:Infinity:undefined:undefined:undefined:undefined":136,"s:822:6:827:Infinity":422,"s:823:34:823:95":423,"f:823:58:823:62":67,"s:823:66:823:94":424,"b:824:8:826:Infinity:undefined:undefined:undefined:undefined":137,"s:824:8:826:Infinity":425,"s:825:10:825:Infinity":426,"b:831:4:838:Infinity:undefined:undefined:undefined:undefined":138,"s:831:4:838:Infinity":427,"s:832:6:837:Infinity":428,"s:833:27:833:88":429,"f:833:51:833:55":68,"s:833:59:833:87":430,"b:834:8:836:Infinity:undefined:undefined:undefined:undefined":139,"s:834:8:836:Infinity":431,"s:835:10:835:Infinity":432,"s:840:4:840:Infinity":433,"s:842:4:842:Infinity":434,"s:844:4:844:Infinity":435}}}}}