{"total": {"lines":{"total":624,"covered":488,"skipped":0,"pct":78.2},"statements":{"total":725,"covered":555,"skipped":0,"pct":76.55},"functions":{"total":120,"covered":93,"skipped":0,"pct":77.5},"branches":{"total":490,"covered":361,"skipped":0,"pct":73.67},"branchesTrue":{"total":0,"covered":0,"skipped":0,"pct":100}}
,"/Users/emilyleblanc/Code/v2/src/ai/promptBuilder.js": {"lines":{"total":49,"covered":47,"skipped":0,"pct":95.91},"functions":{"total":5,"covered":5,"skipped":0,"pct":100},"statements":{"total":53,"covered":50,"skipped":0,"pct":94.33},"branches":{"total":51,"covered":47,"skipped":0,"pct":92.15}}
,"/Users/emilyleblanc/Code/v2/src/ai/responseBuilder.js": {"lines":{"total":15,"covered":15,"skipped":0,"pct":100},"functions":{"total":2,"covered":2,"skipped":0,"pct":100},"statements":{"total":15,"covered":15,"skipped":0,"pct":100},"branches":{"total":15,"covered":15,"skipped":0,"pct":100}}
,"/Users/emilyleblanc/Code/v2/src/components/auth/ProtectedRoute.jsx": {"lines":{"total":5,"covered":5,"skipped":0,"pct":100},"functions":{"total":1,"covered":1,"skipped":0,"pct":100},"statements":{"total":6,"covered":6,"skipped":0,"pct":100},"branches":{"total":8,"covered":8,"skipped":0,"pct":100}}
,"/Users/emilyleblanc/Code/v2/src/components/core/ToastProvider.jsx": {"lines":{"total":24,"covered":21,"skipped":0,"pct":87.5},"functions":{"total":17,"covered":12,"skipped":0,"pct":70.58},"statements":{"total":31,"covered":26,"skipped":0,"pct":83.87},"branches":{"total":10,"covered":8,"skipped":0,"pct":80}}
,"/Users/emilyleblanc/Code/v2/src/hooks/useToast.js": {"lines":{"total":4,"covered":3,"skipped":0,"pct":75},"functions":{"total":1,"covered":1,"skipped":0,"pct":100},"statements":{"total":4,"covered":3,"skipped":0,"pct":75},"branches":{"total":2,"covered":1,"skipped":0,"pct":50}}
,"/Users/emilyleblanc/Code/v2/src/lib/dragUtils.js": {"lines":{"total":17,"covered":15,"skipped":0,"pct":88.23},"functions":{"total":6,"covered":6,"skipped":0,"pct":100},"statements":{"total":24,"covered":22,"skipped":0,"pct":91.66},"branches":{"total":8,"covered":8,"skipped":0,"pct":100}}
,"/Users/emilyleblanc/Code/v2/src/lib/fieldValueUtils.js": {"lines":{"total":26,"covered":25,"skipped":0,"pct":96.15},"functions":{"total":6,"covered":6,"skipped":0,"pct":100},"statements":{"total":33,"covered":32,"skipped":0,"pct":96.96},"branches":{"total":30,"covered":29,"skipped":0,"pct":96.66}}
,"/Users/emilyleblanc/Code/v2/src/lib/roleUtils.js": {"lines":{"total":9,"covered":8,"skipped":0,"pct":88.88},"functions":{"total":2,"covered":2,"skipped":0,"pct":100},"statements":{"total":9,"covered":8,"skipped":0,"pct":88.88},"branches":{"total":10,"covered":9,"skipped":0,"pct":90}}
,"/Users/emilyleblanc/Code/v2/src/lib/sanitize.js": {"lines":{"total":2,"covered":2,"skipped":0,"pct":100},"functions":{"total":1,"covered":1,"skipped":0,"pct":100},"statements":{"total":3,"covered":3,"skipped":0,"pct":100},"branches":{"total":2,"covered":2,"skipped":0,"pct":100}}
,"/Users/emilyleblanc/Code/v2/src/lib/standardsMapper.js": {"lines":{"total":368,"covered":264,"skipped":0,"pct":71.73},"functions":{"total":69,"covered":48,"skipped":0,"pct":69.56},"statements":{"total":436,"covered":303,"skipped":0,"pct":69.49},"branches":{"total":275,"covered":183,"skipped":0,"pct":66.54}}
,"/Users/emilyleblanc/Code/v2/src/services/aiClient.js": {"lines":{"total":105,"covered":83,"skipped":0,"pct":79.04},"functions":{"total":10,"covered":9,"skipped":0,"pct":90},"statements":{"total":111,"covered":87,"skipped":0,"pct":78.37},"branches":{"total":79,"covered":51,"skipped":0,"pct":64.55}}
}
